{"/home/travis/build/npmtest/node-npmtest-async-listener/test.js":{"path":"/home/travis/build/npmtest/node-npmtest-async-listener/test.js","s":{"1":2,"2":2,"3":2,"4":2,"5":2,"6":2,"7":2,"8":1,"9":2,"10":2,"11":1,"12":1,"13":1,"14":1,"15":2,"16":2,"17":2,"18":2,"19":1,"20":1,"21":2,"22":2,"23":2,"24":1,"25":1,"26":1,"27":1,"28":1,"29":1,"30":1,"31":1,"32":1,"33":1,"34":1,"35":1,"36":1,"37":1,"38":1,"39":2,"40":2,"41":1,"42":2,"43":2,"44":1,"45":2,"46":2,"47":1,"48":2,"49":2,"50":1,"51":1,"52":1,"53":1,"54":1},"b":{"1":[2,1,1,1],"2":[1,1,1,1],"3":[1,1],"4":[1,1],"5":[1,1],"6":[1,1],"7":[1,1],"8":[1,1],"9":[1,1],"10":[1,1,1],"11":[1,1],"12":[1,1],"13":[1,1],"14":[1,1],"15":[1,1],"16":[1,1],"17":[1,1]},"f":{"1":2,"2":2,"3":2,"4":2,"5":2,"6":1,"7":1,"8":1,"9":2,"10":2,"11":2,"12":2,"13":1},"fnMap":{"1":{"name":"(anonymous_1)","line":12,"loc":{"start":{"line":12,"column":1},"end":{"line":12,"column":13}}},"2":{"name":"(anonymous_2)","line":19,"loc":{"start":{"line":19,"column":5},"end":{"line":19,"column":17}}},"3":{"name":"(anonymous_3)","line":23,"loc":{"start":{"line":23,"column":24},"end":{"line":23,"column":36}}},"4":{"name":"(anonymous_4)","line":61,"loc":{"start":{"line":61,"column":5},"end":{"line":61,"column":17}}},"5":{"name":"(anonymous_5)","line":82,"loc":{"start":{"line":82,"column":5},"end":{"line":82,"column":17}}},"6":{"name":"(anonymous_6)","line":91,"loc":{"start":{"line":91,"column":77},"end":{"line":94,"column":10}}},"7":{"name":"(anonymous_7)","line":112,"loc":{"start":{"line":112,"column":83},"end":{"line":115,"column":10}},"skip":true},"8":{"name":"(anonymous_8)","line":123,"loc":{"start":{"line":123,"column":77},"end":{"line":126,"column":10}},"skip":true},"9":{"name":"(anonymous_9)","line":139,"loc":{"start":{"line":139,"column":12},"end":{"line":139,"column":40}},"skip":true},"10":{"name":"(anonymous_10)","line":147,"loc":{"start":{"line":147,"column":77},"end":{"line":150,"column":10}},"skip":true},"11":{"name":"(anonymous_11)","line":158,"loc":{"start":{"line":158,"column":83},"end":{"line":161,"column":10}},"skip":true},"12":{"name":"(anonymous_12)","line":169,"loc":{"start":{"line":169,"column":79},"end":{"line":172,"column":10}},"skip":true},"13":{"name":"(anonymous_13)","line":180,"loc":{"start":{"line":180,"column":75},"end":{"line":183,"column":10}},"skip":true}},"statementMap":{"1":{"start":{"line":12,"column":0},"end":{"line":195,"column":5}},"2":{"start":{"line":14,"column":4},"end":{"line":14,"column":14}},"3":{"start":{"line":19,"column":4},"end":{"line":56,"column":9}},"4":{"start":{"line":21,"column":8},"end":{"line":21,"column":19}},"5":{"start":{"line":23,"column":8},"end":{"line":35,"column":13}},"6":{"start":{"line":24,"column":12},"end":{"line":34,"column":13}},"7":{"start":{"line":25,"column":16},"end":{"line":28,"column":30}},"8":{"start":{"line":30,"column":16},"end":{"line":33,"column":27}},"9":{"start":{"line":37,"column":8},"end":{"line":39,"column":21}},"10":{"start":{"line":40,"column":8},"end":{"line":53,"column":9}},"11":{"start":{"line":43,"column":12},"end":{"line":46,"column":14}},"12":{"start":{"line":47,"column":12},"end":{"line":47,"column":18}},"13":{"start":{"line":50,"column":12},"end":{"line":51,"column":33}},"14":{"start":{"line":52,"column":12},"end":{"line":52,"column":18}},"15":{"start":{"line":55,"column":8},"end":{"line":55,"column":35}},"16":{"start":{"line":61,"column":4},"end":{"line":63,"column":9}},"17":{"start":{"line":62,"column":8},"end":{"line":62,"column":15}},"18":{"start":{"line":64,"column":4},"end":{"line":77,"column":5}},"19":{"start":{"line":70,"column":8},"end":{"line":70,"column":14}},"20":{"start":{"line":76,"column":8},"end":{"line":76,"column":14}},"21":{"start":{"line":82,"column":4},"end":{"line":84,"column":9}},"22":{"start":{"line":83,"column":8},"end":{"line":83,"column":15}},"23":{"start":{"line":85,"column":4},"end":{"line":194,"column":5}},"24":{"start":{"line":91,"column":8},"end":{"line":99,"column":10}},"25":{"start":{"line":98,"column":12},"end":{"line":98,"column":35}},"26":{"start":{"line":102,"column":8},"end":{"line":104,"column":63}},"27":{"start":{"line":105,"column":8},"end":{"line":105,"column":14}},"28":{"start":{"line":112,"column":8},"end":{"line":121,"column":10},"skip":true},"29":{"start":{"line":119,"column":12},"end":{"line":119,"column":55},"skip":true},"30":{"start":{"line":120,"column":12},"end":{"line":120,"column":48},"skip":true},"31":{"start":{"line":123,"column":8},"end":{"line":136,"column":10},"skip":true},"32":{"start":{"line":130,"column":12},"end":{"line":130,"column":76},"skip":true},"33":{"start":{"line":131,"column":12},"end":{"line":131,"column":73},"skip":true},"34":{"start":{"line":132,"column":12},"end":{"line":132,"column":74},"skip":true},"35":{"start":{"line":133,"column":12},"end":{"line":133,"column":79},"skip":true},"36":{"start":{"line":134,"column":12},"end":{"line":134,"column":25},"skip":true},"37":{"start":{"line":135,"column":12},"end":{"line":135,"column":45},"skip":true},"38":{"start":{"line":138,"column":8},"end":{"line":145,"column":14},"skip":true},"39":{"start":{"line":143,"column":16},"end":{"line":143,"column":29},"skip":true},"40":{"start":{"line":144,"column":16},"end":{"line":144,"column":55},"skip":true},"41":{"start":{"line":147,"column":8},"end":{"line":156,"column":10},"skip":true},"42":{"start":{"line":154,"column":12},"end":{"line":154,"column":25},"skip":true},"43":{"start":{"line":155,"column":12},"end":{"line":155,"column":45},"skip":true},"44":{"start":{"line":158,"column":8},"end":{"line":167,"column":10},"skip":true},"45":{"start":{"line":165,"column":12},"end":{"line":165,"column":25},"skip":true},"46":{"start":{"line":166,"column":12},"end":{"line":166,"column":48},"skip":true},"47":{"start":{"line":169,"column":8},"end":{"line":178,"column":10},"skip":true},"48":{"start":{"line":176,"column":12},"end":{"line":176,"column":25},"skip":true},"49":{"start":{"line":177,"column":12},"end":{"line":177,"column":46},"skip":true},"50":{"start":{"line":180,"column":8},"end":{"line":189,"column":10},"skip":true},"51":{"start":{"line":187,"column":12},"end":{"line":187,"column":94},"skip":true},"52":{"start":{"line":188,"column":12},"end":{"line":188,"column":48},"skip":true},"53":{"start":{"line":192,"column":8},"end":{"line":192,"column":35},"skip":true},"54":{"start":{"line":193,"column":8},"end":{"line":193,"column":14},"skip":true}},"branchMap":{"1":{"line":25,"type":"binary-expr","locations":[{"start":{"line":25,"column":23},"end":{"line":25,"column":62}},{"start":{"line":26,"column":20},"end":{"line":26,"column":70}},{"start":{"line":27,"column":20},"end":{"line":27,"column":71}},{"start":{"line":28,"column":20},"end":{"line":28,"column":29}}]},"2":{"line":30,"type":"binary-expr","locations":[{"start":{"line":30,"column":23},"end":{"line":30,"column":37}},{"start":{"line":31,"column":20},"end":{"line":31,"column":61}},{"start":{"line":32,"column":20},"end":{"line":32,"column":70}},{"start":{"line":33,"column":20},"end":{"line":33,"column":26}}]},"3":{"line":37,"type":"cond-expr","locations":[{"start":{"line":38,"column":14},"end":{"line":38,"column":20}},{"start":{"line":39,"column":14},"end":{"line":39,"column":20}}]},"4":{"line":40,"type":"switch","locations":[{"start":{"line":42,"column":8},"end":{"line":47,"column":18}},{"start":{"line":49,"column":8},"end":{"line":52,"column":18}}]},"5":{"line":44,"type":"binary-expr","locations":[{"start":{"line":44,"column":16},"end":{"line":44,"column":44}},{"start":{"line":44,"column":48},"end":{"line":44,"column":66}}]},"6":{"line":50,"type":"binary-expr","locations":[{"start":{"line":50,"column":21},"end":{"line":50,"column":49}},{"start":{"line":50,"column":53},"end":{"line":50,"column":72}}]},"7":{"line":64,"type":"switch","locations":[{"start":{"line":69,"column":4},"end":{"line":70,"column":14}},{"start":{"line":75,"column":4},"end":{"line":76,"column":14}}]},"8":{"line":85,"type":"switch","locations":[{"start":{"line":90,"column":4},"end":{"line":105,"column":14}},{"start":{"line":111,"column":4},"end":{"line":193,"column":14},"skip":true}]},"9":{"line":91,"type":"binary-expr","locations":[{"start":{"line":91,"column":42},"end":{"line":91,"column":73}},{"start":{"line":91,"column":77},"end":{"line":99,"column":9}}]},"10":{"line":102,"type":"binary-expr","locations":[{"start":{"line":102,"column":18},"end":{"line":102,"column":32}},{"start":{"line":103,"column":12},"end":{"line":103,"column":53}},{"start":{"line":104,"column":12},"end":{"line":104,"column":61}}]},"11":{"line":112,"type":"binary-expr","locations":[{"start":{"line":112,"column":45},"end":{"line":112,"column":79},"skip":true},{"start":{"line":112,"column":83},"end":{"line":121,"column":9},"skip":true}]},"12":{"line":123,"type":"binary-expr","locations":[{"start":{"line":123,"column":42},"end":{"line":123,"column":73},"skip":true},{"start":{"line":123,"column":77},"end":{"line":136,"column":9},"skip":true}]},"13":{"line":138,"type":"binary-expr","locations":[{"start":{"line":138,"column":48},"end":{"line":138,"column":85},"skip":true},{"start":{"line":139,"column":12},"end":{"line":145,"column":13},"skip":true}]},"14":{"line":147,"type":"binary-expr","locations":[{"start":{"line":147,"column":42},"end":{"line":147,"column":73},"skip":true},{"start":{"line":147,"column":77},"end":{"line":156,"column":9},"skip":true}]},"15":{"line":158,"type":"binary-expr","locations":[{"start":{"line":158,"column":45},"end":{"line":158,"column":79},"skip":true},{"start":{"line":158,"column":83},"end":{"line":167,"column":9},"skip":true}]},"16":{"line":169,"type":"binary-expr","locations":[{"start":{"line":169,"column":43},"end":{"line":169,"column":75},"skip":true},{"start":{"line":169,"column":79},"end":{"line":178,"column":9},"skip":true}]},"17":{"line":180,"type":"binary-expr","locations":[{"start":{"line":180,"column":41},"end":{"line":180,"column":71},"skip":true},{"start":{"line":180,"column":75},"end":{"line":189,"column":9},"skip":true}]}},"code":["/* istanbul instrument in package npmtest_async_listener */","/*jslint","    bitwise: true,","    browser: true,","    maxerr: 8,","    maxlen: 96,","    node: true,","    nomen: true,","    regexp: true,","    stupid: true","*/","(function () {","    'use strict';","    var local;","","","","    // run shared js-env code - init-before","    (function () {","        // init local","        local = {};","        // init modeJs","        local.modeJs = (function () {","            try {","                return typeof navigator.userAgent === 'string' &&","                    typeof document.querySelector('body') === 'object' &&","                    typeof XMLHttpRequest.prototype.open === 'function' &&","                    'browser';","            } catch (errorCaughtBrowser) {","                return module.exports &&","                    typeof process.versions.node === 'string' &&","                    typeof require('http').createServer === 'function' &&","                    'node';","            }","        }());","        // init global","        local.global = local.modeJs === 'browser'","            ? window","            : global;","        switch (local.modeJs) {","        // re-init local from window.local","        case 'browser':","            local = local.global.utility2.objectSetDefault(","                local.global.utility2_rollup || local.global.local,","                local.global.utility2","            );","            break;","        // re-init local from example.js","        case 'node':","            local = (local.global.utility2_rollup || require('utility2'))","                .requireReadme();","            break;","        }","        // export local","        local.global.local = local;","    }());","","","","    // run shared js-env code - function","    (function () {","        return;","    }());","    switch (local.modeJs) {","","","","    // run browser js-env code - function","    case 'browser':","        break;","","","","    // run node js-env code - function","    case 'node':","        break;","    }","","","","    // run shared js-env code - init-after","    (function () {","        return;","    }());","    switch (local.modeJs) {","","","","    // run browser js-env code - init-after","    case 'browser':","        local.testCase_browser_nullCase = local.testCase_browser_nullCase || function (","            options,","            onError","        ) {","        /*","         * this function will test browsers's null-case handling-behavior-behavior","         */","            onError(null, options);","        };","","        // run tests","        local.nop(local.modeTest &&","            document.querySelector('#testRunButton1') &&","            document.querySelector('#testRunButton1').click());","        break;","","","","    // run node js-env code - init-after","    /* istanbul ignore next */","    case 'node':","        local.testCase_buildApidoc_default = local.testCase_buildApidoc_default || function (","            options,","            onError","        ) {","        /*","         * this function will test buildApidoc's default handling-behavior-behavior","         */","            options = { modulePathList: module.paths };","            local.buildApidoc(options, onError);","        };","","        local.testCase_buildApp_default = local.testCase_buildApp_default || function (","            options,","            onError","        ) {","        /*","         * this function will test buildApp's default handling-behavior-behavior","         */","            local.testCase_buildReadme_default(options, local.onErrorThrow);","            local.testCase_buildLib_default(options, local.onErrorThrow);","            local.testCase_buildTest_default(options, local.onErrorThrow);","            local.testCase_buildCustomOrg_default(options, local.onErrorThrow);","            options = [];","            local.buildApp(options, onError);","        };","","        local.testCase_buildCustomOrg_default = local.testCase_buildCustomOrg_default ||","            function (options, onError) {","            /*","             * this function will test buildCustomOrg's default handling-behavior","             */","                options = {};","                local.buildCustomOrg(options, onError);","            };","","        local.testCase_buildLib_default = local.testCase_buildLib_default || function (","            options,","            onError","        ) {","        /*","         * this function will test buildLib's default handling-behavior","         */","            options = {};","            local.buildLib(options, onError);","        };","","        local.testCase_buildReadme_default = local.testCase_buildReadme_default || function (","            options,","            onError","        ) {","        /*","         * this function will test buildReadme's default handling-behavior-behavior","         */","            options = {};","            local.buildReadme(options, onError);","        };","","        local.testCase_buildTest_default = local.testCase_buildTest_default || function (","            options,","            onError","        ) {","        /*","         * this function will test buildTest's default handling-behavior","         */","            options = {};","            local.buildTest(options, onError);","        };","","        local.testCase_webpage_default = local.testCase_webpage_default || function (","            options,","            onError","        ) {","        /*","         * this function will test webpage's default handling-behavior","         */","            options = { modeCoverageMerge: true, url: local.serverLocalHost + '?modeTest=1' };","            local.browserTest(options, onError);","        };","","        // run test-server","        local.testRunServer(local);","        break;","    }","}());",""],"l":{"12":2,"14":2,"19":2,"21":2,"23":2,"24":2,"25":2,"30":1,"37":2,"40":2,"43":1,"47":1,"50":1,"52":1,"55":2,"61":2,"62":2,"64":2,"70":1,"76":1,"82":2,"83":2,"85":2,"91":1,"98":1,"102":1,"105":1,"112":1,"119":1,"120":1,"123":1,"130":1,"131":1,"132":1,"133":1,"134":1,"135":1,"138":1,"143":2,"144":2,"147":1,"154":2,"155":2,"158":1,"165":2,"166":2,"169":1,"176":2,"177":2,"180":1,"187":1,"188":1,"192":1,"193":1}},"/home/travis/build/npmtest/node-npmtest-async-listener/lib.npmtest_async_listener.js":{"path":"/home/travis/build/npmtest/node-npmtest-async-listener/lib.npmtest_async_listener.js","s":{"1":2,"2":2,"3":2,"4":2,"5":2,"6":2,"7":2,"8":1,"9":2,"10":2,"11":2,"12":2,"13":1,"14":1,"15":1,"16":1},"b":{"1":[2,1,1,1],"2":[1,1,1,1],"3":[1,1],"4":[2,2],"5":[1,1]},"f":{"1":2,"2":2,"3":2},"fnMap":{"1":{"name":"(anonymous_1)","line":12,"loc":{"start":{"line":12,"column":1},"end":{"line":12,"column":13}}},"2":{"name":"(anonymous_2)","line":19,"loc":{"start":{"line":19,"column":5},"end":{"line":19,"column":17}}},"3":{"name":"(anonymous_3)","line":23,"loc":{"start":{"line":23,"column":24},"end":{"line":23,"column":36}}}},"statementMap":{"1":{"start":{"line":12,"column":0},"end":{"line":53,"column":5}},"2":{"start":{"line":14,"column":4},"end":{"line":14,"column":14}},"3":{"start":{"line":19,"column":4},"end":{"line":52,"column":9}},"4":{"start":{"line":21,"column":8},"end":{"line":21,"column":19}},"5":{"start":{"line":23,"column":8},"end":{"line":35,"column":13}},"6":{"start":{"line":24,"column":12},"end":{"line":34,"column":13}},"7":{"start":{"line":25,"column":16},"end":{"line":28,"column":30}},"8":{"start":{"line":30,"column":16},"end":{"line":33,"column":27}},"9":{"start":{"line":37,"column":8},"end":{"line":39,"column":21}},"10":{"start":{"line":41,"column":8},"end":{"line":41,"column":54}},"11":{"start":{"line":43,"column":8},"end":{"line":43,"column":59}},"12":{"start":{"line":45,"column":8},"end":{"line":51,"column":9}},"13":{"start":{"line":46,"column":12},"end":{"line":46,"column":65}},"14":{"start":{"line":48,"column":12},"end":{"line":48,"column":35}},"15":{"start":{"line":49,"column":12},"end":{"line":49,"column":49}},"16":{"start":{"line":50,"column":12},"end":{"line":50,"column":43}}},"branchMap":{"1":{"line":25,"type":"binary-expr","locations":[{"start":{"line":25,"column":23},"end":{"line":25,"column":62}},{"start":{"line":26,"column":20},"end":{"line":26,"column":70}},{"start":{"line":27,"column":20},"end":{"line":27,"column":71}},{"start":{"line":28,"column":20},"end":{"line":28,"column":29}}]},"2":{"line":30,"type":"binary-expr","locations":[{"start":{"line":30,"column":23},"end":{"line":30,"column":37}},{"start":{"line":31,"column":20},"end":{"line":31,"column":61}},{"start":{"line":32,"column":20},"end":{"line":32,"column":70}},{"start":{"line":33,"column":20},"end":{"line":33,"column":26}}]},"3":{"line":37,"type":"cond-expr","locations":[{"start":{"line":38,"column":14},"end":{"line":38,"column":20}},{"start":{"line":39,"column":14},"end":{"line":39,"column":20}}]},"4":{"line":41,"type":"binary-expr","locations":[{"start":{"line":41,"column":16},"end":{"line":41,"column":44}},{"start":{"line":41,"column":48},"end":{"line":41,"column":53}}]},"5":{"line":45,"type":"if","locations":[{"start":{"line":45,"column":8},"end":{"line":45,"column":8}},{"start":{"line":45,"column":8},"end":{"line":45,"column":8}}]}},"code":["/* istanbul instrument in package npmtest_async_listener */","/*jslint","    bitwise: true,","    browser: true,","    maxerr: 8,","    maxlen: 96,","    node: true,","    nomen: true,","    regexp: true,","    stupid: true","*/","(function () {","    'use strict';","    var local;","","","","    // run shared js-env code - init-before","    (function () {","        // init local","        local = {};","        // init modeJs","        local.modeJs = (function () {","            try {","                return typeof navigator.userAgent === 'string' &&","                    typeof document.querySelector('body') === 'object' &&","                    typeof XMLHttpRequest.prototype.open === 'function' &&","                    'browser';","            } catch (errorCaughtBrowser) {","                return module.exports &&","                    typeof process.versions.node === 'string' &&","                    typeof require('http').createServer === 'function' &&","                    'node';","            }","        }());","        // init global","        local.global = local.modeJs === 'browser'","            ? window","            : global;","        // init utility2_rollup","        local = local.global.utility2_rollup || local;","        // init lib","        local.local = local.npmtest_async_listener = local;","        // init exports","        if (local.modeJs === 'browser') {","            local.global.utility2_npmtest_async_listener = local;","        } else {","            module.exports = local;","            module.exports.__dirname = __dirname;","            module.exports.module = module;","        }","    }());","}());",""],"l":{"12":2,"14":2,"19":2,"21":2,"23":2,"24":2,"25":2,"30":1,"37":2,"41":2,"43":2,"45":2,"46":1,"48":1,"49":1,"50":1}},"/home/travis/build/npmtest/node-npmtest-async-listener/example.js":{"path":"/home/travis/build/npmtest/node-npmtest-async-listener/example.js","s":{"1":2,"2":2,"3":2,"4":2,"5":2,"6":2,"7":2,"8":1,"9":2,"10":2,"11":2,"12":2,"13":1,"14":2,"15":2,"16":2,"17":2,"18":2,"19":0,"20":2,"21":1,"22":1,"23":1,"24":1,"25":1,"26":0,"27":0,"28":1,"29":1,"30":2,"31":0,"32":0,"33":0,"34":1,"35":2,"36":2,"37":3,"38":3,"39":3,"40":3,"41":0,"42":3,"43":3,"44":3,"45":1,"46":3,"47":1,"48":1,"49":1,"50":1,"51":1,"52":1,"53":1,"54":1,"55":1,"56":1,"57":0,"58":1,"59":6,"60":6,"61":1,"62":2,"63":0,"64":2,"65":1,"66":1,"67":0,"68":0,"69":0,"70":0,"71":0,"72":0,"73":0,"74":0,"75":0,"76":0,"77":0,"78":0,"79":0,"80":0,"81":0,"82":0,"83":0},"b":{"1":[2,1,1,1],"2":[1,1,1,1],"3":[1,1],"4":[2,2],"5":[1,1],"6":[1,1],"7":[2,0],"8":[2,1,1,1,1,1],"9":[0,2,0],"10":[1,1],"11":[2,1,1],"12":[1,0],"13":[0,2],"14":[2,0,0,0,0,0,0],"15":[0,3],"16":[3,0],"17":[1,1],"18":[0,1],"19":[1,2,0,2],"20":[1,0],"21":[1,1],"22":[0,0],"23":[0,0],"24":[0,0],"25":[0,0],"26":[0,0],"27":[0,0],"28":[0,0]},"f":{"1":2,"2":2,"3":2,"4":2,"5":2,"6":2,"7":3,"8":3,"9":3,"10":1,"11":6,"12":0},"fnMap":{"1":{"name":"(anonymous_1)","line":26,"loc":{"start":{"line":26,"column":1},"end":{"line":26,"column":13}}},"2":{"name":"(anonymous_2)","line":33,"loc":{"start":{"line":33,"column":5},"end":{"line":33,"column":17}}},"3":{"name":"(anonymous_3)","line":37,"loc":{"start":{"line":37,"column":24},"end":{"line":37,"column":36}}},"4":{"name":"(anonymous_4)","line":69,"loc":{"start":{"line":69,"column":31},"end":{"line":69,"column":48}},"skip":true},"5":{"name":"(anonymous_5)","line":78,"loc":{"start":{"line":78,"column":26},"end":{"line":78,"column":45}},"skip":true},"6":{"name":"(anonymous_6)","line":123,"loc":{"start":{"line":123,"column":33},"end":{"line":123,"column":48}},"skip":true},"7":{"name":"(anonymous_7)","line":125,"loc":{"start":{"line":125,"column":27},"end":{"line":125,"column":39}},"skip":true},"8":{"name":"(anonymous_8)","line":133,"loc":{"start":{"line":133,"column":59},"end":{"line":133,"column":74}},"skip":true},"9":{"name":"(anonymous_9)","line":143,"loc":{"start":{"line":143,"column":45},"end":{"line":143,"column":62}},"skip":true},"10":{"name":"(anonymous_10)","line":144,"loc":{"start":{"line":144,"column":73},"end":{"line":144,"column":92}},"skip":true},"11":{"name":"(anonymous_11)","line":272,"loc":{"start":{"line":272,"column":51},"end":{"line":272,"column":77}},"skip":true},"12":{"name":"(anonymous_12)","line":315,"loc":{"start":{"line":315,"column":32},"end":{"line":315,"column":61}},"skip":true}},"statementMap":{"1":{"start":{"line":26,"column":0},"end":{"line":326,"column":5}},"2":{"start":{"line":28,"column":4},"end":{"line":28,"column":14}},"3":{"start":{"line":33,"column":4},"end":{"line":60,"column":9}},"4":{"start":{"line":35,"column":8},"end":{"line":35,"column":19}},"5":{"start":{"line":37,"column":8},"end":{"line":49,"column":13}},"6":{"start":{"line":38,"column":12},"end":{"line":48,"column":13}},"7":{"start":{"line":39,"column":16},"end":{"line":42,"column":30}},"8":{"start":{"line":44,"column":16},"end":{"line":47,"column":27}},"9":{"start":{"line":51,"column":8},"end":{"line":53,"column":21}},"10":{"start":{"line":55,"column":8},"end":{"line":57,"column":45}},"11":{"start":{"line":59,"column":8},"end":{"line":59,"column":35}},"12":{"start":{"line":61,"column":4},"end":{"line":325,"column":5}},"13":{"start":{"line":69,"column":8},"end":{"line":121,"column":10},"skip":true},"14":{"start":{"line":70,"column":12},"end":{"line":88,"column":13},"skip":true},"15":{"start":{"line":76,"column":16},"end":{"line":87,"column":19},"skip":true},"16":{"start":{"line":79,"column":20},"end":{"line":86,"column":21},"skip":true},"17":{"start":{"line":82,"column":24},"end":{"line":82,"column":43},"skip":true},"18":{"start":{"line":83,"column":24},"end":{"line":83,"column":30},"skip":true},"19":{"start":{"line":85,"column":24},"end":{"line":85,"column":49},"skip":true},"20":{"start":{"line":89,"column":12},"end":{"line":107,"column":13},"skip":true},"21":{"start":{"line":92,"column":16},"end":{"line":102,"column":17},"skip":true},"22":{"start":{"line":93,"column":20},"end":{"line":93,"column":86},"skip":true},"23":{"start":{"line":94,"column":20},"end":{"line":95,"column":45},"skip":true},"24":{"start":{"line":96,"column":20},"end":{"line":96,"column":42},"skip":true},"25":{"start":{"line":97,"column":20},"end":{"line":97,"column":48},"skip":true},"26":{"start":{"line":100,"column":20},"end":{"line":100,"column":85},"skip":true},"27":{"start":{"line":101,"column":20},"end":{"line":101,"column":96},"skip":true},"28":{"start":{"line":103,"column":16},"end":{"line":103,"column":22},"skip":true},"29":{"start":{"line":106,"column":16},"end":{"line":106,"column":22},"skip":true},"30":{"start":{"line":108,"column":12},"end":{"line":120,"column":13},"skip":true},"31":{"start":{"line":114,"column":16},"end":{"line":119,"column":17},"skip":true},"32":{"start":{"line":116,"column":20},"end":{"line":116,"column":78},"skip":true},"33":{"start":{"line":118,"column":20},"end":{"line":118,"column":47},"skip":true},"34":{"start":{"line":123,"column":8},"end":{"line":141,"column":11},"skip":true},"35":{"start":{"line":124,"column":12},"end":{"line":124,"column":54},"skip":true},"36":{"start":{"line":125,"column":12},"end":{"line":140,"column":14},"skip":true},"37":{"start":{"line":126,"column":16},"end":{"line":126,"column":28},"skip":true},"38":{"start":{"line":127,"column":16},"end":{"line":127,"column":69},"skip":true},"39":{"start":{"line":128,"column":16},"end":{"line":128,"column":75},"skip":true},"40":{"start":{"line":129,"column":16},"end":{"line":131,"column":17},"skip":true},"41":{"start":{"line":130,"column":20},"end":{"line":130,"column":27},"skip":true},"42":{"start":{"line":133,"column":16},"end":{"line":137,"column":36},"skip":true},"43":{"start":{"line":134,"column":20},"end":{"line":136,"column":55},"skip":true},"44":{"start":{"line":139,"column":16},"end":{"line":139,"column":57},"skip":true},"45":{"start":{"line":143,"column":8},"end":{"line":147,"column":11},"skip":true},"46":{"start":{"line":144,"column":12},"end":{"line":146,"column":15},"skip":true},"47":{"start":{"line":145,"column":16},"end":{"line":145,"column":70},"skip":true},"48":{"start":{"line":149,"column":8},"end":{"line":149,"column":31},"skip":true},"49":{"start":{"line":150,"column":8},"end":{"line":150,"column":14},"skip":true},"50":{"start":{"line":158,"column":8},"end":{"line":158,"column":31},"skip":true},"51":{"start":{"line":160,"column":8},"end":{"line":160,"column":33},"skip":true},"52":{"start":{"line":161,"column":8},"end":{"line":161,"column":37},"skip":true},"53":{"start":{"line":162,"column":8},"end":{"line":162,"column":35},"skip":true},"54":{"start":{"line":164,"column":8},"end":{"line":164,"column":50},"skip":true},"55":{"start":{"line":166,"column":8},"end":{"line":256,"column":2},"skip":true},"56":{"start":{"line":258,"column":8},"end":{"line":286,"column":9},"skip":true},"57":{"start":{"line":259,"column":12},"end":{"line":269,"column":14},"skip":true},"58":{"start":{"line":271,"column":12},"end":{"line":285,"column":19},"skip":true},"59":{"start":{"line":274,"column":20},"end":{"line":274,"column":35},"skip":true},"60":{"start":{"line":275,"column":20},"end":{"line":284,"column":21},"skip":true},"61":{"start":{"line":277,"column":24},"end":{"line":277,"column":64},"skip":true},"62":{"start":{"line":279,"column":24},"end":{"line":279,"column":40},"skip":true},"63":{"start":{"line":281,"column":24},"end":{"line":281,"column":40},"skip":true},"64":{"start":{"line":283,"column":24},"end":{"line":283,"column":39},"skip":true},"65":{"start":{"line":288,"column":8},"end":{"line":290,"column":9},"skip":true},"66":{"start":{"line":289,"column":12},"end":{"line":289,"column":18},"skip":true},"67":{"start":{"line":291,"column":8},"end":{"line":293,"column":54},"skip":true},"68":{"start":{"line":296,"column":8},"end":{"line":301,"column":37},"skip":true},"69":{"start":{"line":303,"column":8},"end":{"line":303,"column":82},"skip":true},"70":{"start":{"line":306,"column":8},"end":{"line":308,"column":9},"skip":true},"71":{"start":{"line":307,"column":12},"end":{"line":307,"column":82},"skip":true},"72":{"start":{"line":310,"column":8},"end":{"line":312,"column":9},"skip":true},"73":{"start":{"line":311,"column":12},"end":{"line":311,"column":18},"skip":true},"74":{"start":{"line":313,"column":8},"end":{"line":313,"column":54},"skip":true},"75":{"start":{"line":314,"column":8},"end":{"line":314,"column":69},"skip":true},"76":{"start":{"line":315,"column":8},"end":{"line":323,"column":36},"skip":true},"77":{"start":{"line":316,"column":12},"end":{"line":316,"column":61},"skip":true},"78":{"start":{"line":317,"column":12},"end":{"line":320,"column":13},"skip":true},"79":{"start":{"line":318,"column":16},"end":{"line":318,"column":75},"skip":true},"80":{"start":{"line":319,"column":16},"end":{"line":319,"column":23},"skip":true},"81":{"start":{"line":321,"column":12},"end":{"line":321,"column":38},"skip":true},"82":{"start":{"line":322,"column":12},"end":{"line":322,"column":27},"skip":true},"83":{"start":{"line":324,"column":8},"end":{"line":324,"column":14},"skip":true}},"branchMap":{"1":{"line":39,"type":"binary-expr","locations":[{"start":{"line":39,"column":23},"end":{"line":39,"column":62}},{"start":{"line":40,"column":20},"end":{"line":40,"column":70}},{"start":{"line":41,"column":20},"end":{"line":41,"column":71}},{"start":{"line":42,"column":20},"end":{"line":42,"column":29}}]},"2":{"line":44,"type":"binary-expr","locations":[{"start":{"line":44,"column":23},"end":{"line":44,"column":37}},{"start":{"line":45,"column":20},"end":{"line":45,"column":61}},{"start":{"line":46,"column":20},"end":{"line":46,"column":70}},{"start":{"line":47,"column":20},"end":{"line":47,"column":26}}]},"3":{"line":51,"type":"cond-expr","locations":[{"start":{"line":52,"column":14},"end":{"line":52,"column":20}},{"start":{"line":53,"column":14},"end":{"line":53,"column":20}}]},"4":{"line":55,"type":"binary-expr","locations":[{"start":{"line":55,"column":16},"end":{"line":55,"column":44}},{"start":{"line":55,"column":49},"end":{"line":57,"column":43}}]},"5":{"line":55,"type":"cond-expr","locations":[{"start":{"line":56,"column":14},"end":{"line":56,"column":58}},{"start":{"line":57,"column":14},"end":{"line":57,"column":43}}]},"6":{"line":61,"type":"switch","locations":[{"start":{"line":68,"column":4},"end":{"line":150,"column":14},"skip":true},{"start":{"line":156,"column":4},"end":{"line":324,"column":14},"skip":true}]},"7":{"line":70,"type":"if","locations":[{"start":{"line":70,"column":12},"end":{"line":70,"column":12},"skip":true},{"start":{"line":70,"column":12},"end":{"line":70,"column":12},"skip":true}]},"8":{"line":70,"type":"binary-expr","locations":[{"start":{"line":70,"column":16},"end":{"line":70,"column":22},"skip":true},{"start":{"line":70,"column":27},"end":{"line":70,"column":32},"skip":true},{"start":{"line":71,"column":20},"end":{"line":71,"column":39},"skip":true},{"start":{"line":72,"column":20},"end":{"line":72,"column":49},"skip":true},{"start":{"line":73,"column":20},"end":{"line":73,"column":58},"skip":true},{"start":{"line":74,"column":20},"end":{"line":74,"column":69},"skip":true}]},"9":{"line":79,"type":"switch","locations":[{"start":{"line":80,"column":20},"end":{"line":80,"column":33},"skip":true},{"start":{"line":81,"column":20},"end":{"line":83,"column":30},"skip":true},{"start":{"line":84,"column":20},"end":{"line":85,"column":49},"skip":true}]},"10":{"line":89,"type":"switch","locations":[{"start":{"line":90,"column":12},"end":{"line":103,"column":22},"skip":true},{"start":{"line":105,"column":12},"end":{"line":106,"column":22},"skip":true}]},"11":{"line":89,"type":"binary-expr","locations":[{"start":{"line":89,"column":20},"end":{"line":89,"column":25},"skip":true},{"start":{"line":89,"column":29},"end":{"line":89,"column":48},"skip":true},{"start":{"line":89,"column":52},"end":{"line":89,"column":74},"skip":true}]},"12":{"line":92,"type":"if","locations":[{"start":{"line":92,"column":16},"end":{"line":92,"column":16},"skip":true},{"start":{"line":92,"column":16},"end":{"line":92,"column":16},"skip":true}]},"13":{"line":108,"type":"if","locations":[{"start":{"line":108,"column":12},"end":{"line":108,"column":12},"skip":true},{"start":{"line":108,"column":12},"end":{"line":108,"column":12},"skip":true}]},"14":{"line":108,"type":"binary-expr","locations":[{"start":{"line":108,"column":16},"end":{"line":108,"column":61},"skip":true},{"start":{"line":108,"column":66},"end":{"line":108,"column":72},"skip":true},{"start":{"line":108,"column":77},"end":{"line":108,"column":82},"skip":true},{"start":{"line":109,"column":20},"end":{"line":109,"column":39},"skip":true},{"start":{"line":110,"column":20},"end":{"line":110,"column":49},"skip":true},{"start":{"line":111,"column":20},"end":{"line":111,"column":58},"skip":true},{"start":{"line":112,"column":20},"end":{"line":112,"column":68},"skip":true}]},"15":{"line":129,"type":"if","locations":[{"start":{"line":129,"column":16},"end":{"line":129,"column":16},"skip":true},{"start":{"line":129,"column":16},"end":{"line":129,"column":16},"skip":true}]},"16":{"line":134,"type":"cond-expr","locations":[{"start":{"line":135,"column":26},"end":{"line":135,"column":29},"skip":true},{"start":{"line":136,"column":26},"end":{"line":136,"column":54},"skip":true}]},"17":{"line":164,"type":"binary-expr","locations":[{"start":{"line":164,"column":27},"end":{"line":164,"column":43},"skip":true},{"start":{"line":164,"column":47},"end":{"line":164,"column":49},"skip":true}]},"18":{"line":258,"type":"if","locations":[{"start":{"line":258,"column":8},"end":{"line":258,"column":8},"skip":true},{"start":{"line":258,"column":8},"end":{"line":258,"column":8},"skip":true}]},"19":{"line":275,"type":"switch","locations":[{"start":{"line":276,"column":20},"end":{"line":277,"column":64},"skip":true},{"start":{"line":278,"column":20},"end":{"line":279,"column":40},"skip":true},{"start":{"line":280,"column":20},"end":{"line":281,"column":40},"skip":true},{"start":{"line":282,"column":20},"end":{"line":283,"column":39},"skip":true}]},"20":{"line":288,"type":"if","locations":[{"start":{"line":288,"column":8},"end":{"line":288,"column":8},"skip":true},{"start":{"line":288,"column":8},"end":{"line":288,"column":8},"skip":true}]},"21":{"line":288,"type":"binary-expr","locations":[{"start":{"line":288,"column":12},"end":{"line":288,"column":40},"skip":true},{"start":{"line":288,"column":44},"end":{"line":288,"column":67},"skip":true}]},"22":{"line":292,"type":"binary-expr","locations":[{"start":{"line":292,"column":12},"end":{"line":292,"column":50},"skip":true},{"start":{"line":293,"column":12},"end":{"line":293,"column":53},"skip":true}]},"23":{"line":297,"type":"binary-expr","locations":[{"start":{"line":297,"column":12},"end":{"line":297,"column":72},"skip":true},{"start":{"line":298,"column":12},"end":{"line":301,"column":36},"skip":true}]},"24":{"line":303,"type":"binary-expr","locations":[{"start":{"line":303,"column":43},"end":{"line":303,"column":75},"skip":true},{"start":{"line":303,"column":79},"end":{"line":303,"column":81},"skip":true}]},"25":{"line":306,"type":"if","locations":[{"start":{"line":306,"column":8},"end":{"line":306,"column":8},"skip":true},{"start":{"line":306,"column":8},"end":{"line":306,"column":8},"skip":true}]},"26":{"line":310,"type":"if","locations":[{"start":{"line":310,"column":8},"end":{"line":310,"column":8},"skip":true},{"start":{"line":310,"column":8},"end":{"line":310,"column":8},"skip":true}]},"27":{"line":313,"type":"binary-expr","locations":[{"start":{"line":313,"column":27},"end":{"line":313,"column":43},"skip":true},{"start":{"line":313,"column":47},"end":{"line":313,"column":53},"skip":true}]},"28":{"line":317,"type":"if","locations":[{"start":{"line":317,"column":12},"end":{"line":317,"column":12},"skip":true},{"start":{"line":317,"column":12},"end":{"line":317,"column":12},"skip":true}]}},"code":["/*","example.js","","quickstart example","","instruction","    1. save this script as example.js","    2. run the shell command:","        $ npm install npmtest-async-listener && PORT=8081 node example.js","    3. play with the browser-demo on http://127.0.0.1:8081","*/","","","","/* istanbul instrument in package npmtest_async_listener */","/*jslint","    bitwise: true,","    browser: true,","    maxerr: 8,","    maxlen: 96,","    node: true,","    nomen: true,","    regexp: true,","    stupid: true","*/","(function () {","    'use strict';","    var local;","","","","    // run shared js-env code - init-before","    (function () {","        // init local","        local = {};","        // init modeJs","        local.modeJs = (function () {","            try {","                return typeof navigator.userAgent === 'string' &&","                    typeof document.querySelector('body') === 'object' &&","                    typeof XMLHttpRequest.prototype.open === 'function' &&","                    'browser';","            } catch (errorCaughtBrowser) {","                return module.exports &&","                    typeof process.versions.node === 'string' &&","                    typeof require('http').createServer === 'function' &&","                    'node';","            }","        }());","        // init global","        local.global = local.modeJs === 'browser'","            ? window","            : global;","        // init utility2_rollup","        local = local.global.utility2_rollup || (local.modeJs === 'browser'","            ? local.global.utility2_npmtest_async_listener","            : global.utility2_moduleExports);","        // export local","        local.global.local = local;","    }());","    switch (local.modeJs) {","","","","    // init-after","    // run browser js-env code - init-after","    /* istanbul ignore next */","    case 'browser':","        local.testRunBrowser = function (event) {","            if (!event || (event &&","                    event.currentTarget &&","                    event.currentTarget.className &&","                    event.currentTarget.className.includes &&","                    event.currentTarget.className.includes('onreset'))) {","                // reset output","                Array.from(","                    document.querySelectorAll('body > .resettable')","                ).forEach(function (element) {","                    switch (element.tagName) {","                    case 'INPUT':","                    case 'TEXTAREA':","                        element.value = '';","                        break;","                    default:","                        element.textContent = '';","                    }","                });","            }","            switch (event && event.currentTarget && event.currentTarget.id) {","            case 'testRunButton1':","                // show tests","                if (document.querySelector('#testReportDiv1').style.display === 'none') {","                    document.querySelector('#testReportDiv1').style.display = 'block';","                    document.querySelector('#testRunButton1').textContent =","                        'hide internal test';","                    local.modeTest = true;","                    local.testRunDefault(local);","                // hide tests","                } else {","                    document.querySelector('#testReportDiv1').style.display = 'none';","                    document.querySelector('#testRunButton1').textContent = 'run internal test';","                }","                break;","            // custom-case","            default:","                break;","            }","            if (document.querySelector('#inputTextareaEval1') && (!event || (event &&","                    event.currentTarget &&","                    event.currentTarget.className &&","                    event.currentTarget.className.includes &&","                    event.currentTarget.className.includes('oneval')))) {","                // try to eval input-code","                try {","                    /*jslint evil: true*/","                    eval(document.querySelector('#inputTextareaEval1').value);","                } catch (errorCaught) {","                    console.error(errorCaught);","                }","            }","        };","        // log stderr and stdout to #outputTextareaStdout1","        ['error', 'log'].forEach(function (key) {","            console[key + '_original'] = console[key];","            console[key] = function () {","                var element;","                console[key + '_original'].apply(console, arguments);","                element = document.querySelector('#outputTextareaStdout1');","                if (!element) {","                    return;","                }","                // append text to #outputTextareaStdout1","                element.value += Array.from(arguments).map(function (arg) {","                    return typeof arg === 'string'","                        ? arg","                        : JSON.stringify(arg, null, 4);","                }).join(' ') + '\\n';","                // scroll textarea to bottom","                element.scrollTop = element.scrollHeight;","            };","        });","        // init event-handling","        ['change', 'click', 'keyup'].forEach(function (event) {","            Array.from(document.querySelectorAll('.on' + event)).forEach(function (element) {","                element.addEventListener(event, local.testRunBrowser);","            });","        });","        // run tests","        local.testRunBrowser();","        break;","","","","    // run node js-env code - init-after","    /* istanbul ignore next */","    case 'node':","        // export local","        module.exports = local;","        // require modules","        local.fs = require('fs');","        local.http = require('http');","        local.url = require('url');","        // init assets","        local.assetsDict = local.assetsDict || {};","        /* jslint-ignore-begin */","        local.assetsDict['/assets.index.template.html'] = '\\","<!doctype html>\\n\\","<html lang=\"en\">\\n\\","<head>\\n\\","<meta charset=\"UTF-8\">\\n\\","<meta name=\"viewport\" content=\"width=device-width, initial-scale=1\">\\n\\","<title>{{env.npm_package_name}} (v{{env.npm_package_version}})</title>\\n\\","<style>\\n\\","/*csslint\\n\\","    box-sizing: false,\\n\\","    universal-selector: false\\n\\","*/\\n\\","* {\\n\\","    box-sizing: border-box;\\n\\","}\\n\\","body {\\n\\","    background: #dde;\\n\\","    font-family: Arial, Helvetica, sans-serif;\\n\\","    margin: 2rem;\\n\\","}\\n\\","body > * {\\n\\","    margin-bottom: 1rem;\\n\\","}\\n\\",".utility2FooterDiv {\\n\\","    margin-top: 20px;\\n\\","    text-align: center;\\n\\","}\\n\\","</style>\\n\\","<style>\\n\\","/*csslint\\n\\","*/\\n\\","textarea {\\n\\","    font-family: monospace;\\n\\","    height: 10rem;\\n\\","    width: 100%;\\n\\","}\\n\\","textarea[readonly] {\\n\\","    background: #ddd;\\n\\","}\\n\\","</style>\\n\\","</head>\\n\\","<body>\\n\\","<!-- utility2-comment\\n\\","<div id=\"ajaxProgressDiv1\" style=\"background: #d00; height: 2px; left: 0; margin: 0; padding: 0; position: fixed; top: 0; transition: background 0.5s, width 1.5s; width: 25%;\"></div>\\n\\","utility2-comment -->\\n\\","<h1>\\n\\","<!-- utility2-comment\\n\\","    <a\\n\\","        {{#if env.npm_package_homepage}}\\n\\","        href=\"{{env.npm_package_homepage}}\"\\n\\","        {{/if env.npm_package_homepage}}\\n\\","        target=\"_blank\"\\n\\","    >\\n\\","utility2-comment -->\\n\\","        {{env.npm_package_name}} (v{{env.npm_package_version}})\\n\\","<!-- utility2-comment\\n\\","    </a>\\n\\","utility2-comment -->\\n\\","</h1>\\n\\","<h3>{{env.npm_package_description}}</h3>\\n\\","<!-- utility2-comment\\n\\","<h4><a download href=\"assets.app.js\">download standalone app</a></h4>\\n\\","<button class=\"onclick onreset\" id=\"testRunButton1\">run internal test</button><br>\\n\\","<div id=\"testReportDiv1\" style=\"display: none;\"></div>\\n\\","utility2-comment -->\\n\\","\\n\\","\\n\\","\\n\\","<label>stderr and stdout</label>\\n\\","<textarea class=\"resettable\" id=\"outputTextareaStdout1\" readonly></textarea>\\n\\","<!-- utility2-comment\\n\\","{{#if isRollup}}\\n\\","<script src=\"assets.app.js\"></script>\\n\\","{{#unless isRollup}}\\n\\","utility2-comment -->\\n\\","<script src=\"assets.utility2.rollup.js\"></script>\\n\\","<script src=\"jsonp.utility2._stateInit?callback=window.utility2._stateInit\"></script>\\n\\","<script src=\"assets.npmtest_async_listener.rollup.js\"></script>\\n\\","<script src=\"assets.example.js\"></script>\\n\\","<script src=\"assets.test.js\"></script>\\n\\","<!-- utility2-comment\\n\\","{{/if isRollup}}\\n\\","utility2-comment -->\\n\\","<div class=\"utility2FooterDiv\">\\n\\","    [ this app was created with\\n\\","    <a href=\"https://github.com/kaizhu256/node-utility2\" target=\"_blank\">utility2</a>\\n\\","    ]\\n\\","</div>\\n\\","</body>\\n\\","</html>\\n\\","';","        /* jslint-ignore-end */","        if (local.templateRender) {","            local.assetsDict['/'] = local.templateRender(","                local.assetsDict['/assets.index.template.html'],","                {","                    env: local.objectSetDefault(local.env, {","                        npm_package_description: 'the greatest app in the world!',","                        npm_package_name: 'my-app',","                        npm_package_nameAlias: 'my_app',","                        npm_package_version: '0.0.1'","                    })","                }","            );","        } else {","            local.assetsDict['/'] = local.assetsDict['/assets.index.template.html']","                .replace((/\\{\\{env\\.(\\w+?)\\}\\}/g), function (match0, match1) {","                    // jslint-hack","                    String(match0);","                    switch (match1) {","                    case 'npm_package_description':","                        return 'the greatest app in the world!';","                    case 'npm_package_name':","                        return 'my-app';","                    case 'npm_package_nameAlias':","                        return 'my_app';","                    case 'npm_package_version':","                        return '0.0.1';","                    }","                });","        }","        // run the cli","        if (local.global.utility2_rollup || module !== require.main) {","            break;","        }","        local.assetsDict['/assets.example.js'] =","            local.assetsDict['/assets.example.js'] ||","            local.fs.readFileSync(__filename, 'utf8');","        // bug-workaround - long $npm_package_buildCustomOrg","        /* jslint-ignore-begin */","        local.assetsDict['/assets.npmtest_async_listener.rollup.js'] =","            local.assetsDict['/assets.npmtest_async_listener.rollup.js'] ||","            local.fs.readFileSync(","                local.npmtest_async_listener.__dirname + '/lib.npmtest_async_listener.js',","                'utf8'","            ).replace((/^#!/), '//');","        /* jslint-ignore-end */","        local.assetsDict['/favicon.ico'] = local.assetsDict['/favicon.ico'] || '';","        // if $npm_config_timeout_exit exists,","        // then exit this process after $npm_config_timeout_exit ms","        if (Number(process.env.npm_config_timeout_exit)) {","            setTimeout(process.exit, Number(process.env.npm_config_timeout_exit));","        }","        // start server","        if (local.global.utility2_serverHttp1) {","            break;","        }","        process.env.PORT = process.env.PORT || '8081';","        console.error('server starting on port ' + process.env.PORT);","        local.http.createServer(function (request, response) {","            request.urlParsed = local.url.parse(request.url);","            if (local.assetsDict[request.urlParsed.pathname] !== undefined) {","                response.end(local.assetsDict[request.urlParsed.pathname]);","                return;","            }","            response.statusCode = 404;","            response.end();","        }).listen(process.env.PORT);","        break;","    }","}());",""],"l":{"26":2,"28":2,"33":2,"35":2,"37":2,"38":2,"39":2,"44":1,"51":2,"55":2,"59":2,"61":2,"69":1,"70":2,"76":2,"79":2,"82":2,"83":2,"85":1,"89":2,"92":1,"93":1,"94":1,"96":1,"97":1,"100":1,"101":1,"103":1,"106":1,"108":2,"114":1,"116":1,"118":1,"123":1,"124":2,"125":2,"126":3,"127":3,"128":3,"129":3,"130":1,"133":3,"134":3,"139":3,"143":1,"144":3,"145":1,"149":1,"150":1,"158":1,"160":1,"161":1,"162":1,"164":1,"166":1,"258":1,"259":1,"271":1,"274":6,"275":6,"277":1,"279":2,"281":1,"283":2,"288":1,"289":1,"291":1,"296":1,"303":1,"306":1,"307":1,"310":1,"311":1,"313":1,"314":1,"315":1,"316":1,"317":1,"318":1,"319":1,"321":1,"322":1,"324":1}},"/home/travis/build/npmtest/node-npmtest-async-listener/node_modules/async-listener/index.js":{"path":"/home/travis/build/npmtest/node-npmtest-async-listener/node_modules/async-listener/index.js","s":{"1":1,"2":0,"3":1,"4":1,"5":1,"6":1,"7":0,"8":0,"9":0,"10":0,"11":0,"12":0,"13":0,"14":0,"15":0,"16":0,"17":0,"18":0,"19":0,"20":0,"21":0,"22":0,"23":1,"24":0,"25":0,"26":1,"27":0,"28":0,"29":0,"30":0,"31":0,"32":0,"33":0,"34":0,"35":0,"36":0,"37":1,"38":0,"39":0,"40":0,"41":0,"42":0,"43":0,"44":0,"45":0,"46":1,"47":0,"48":0,"49":0,"50":0,"51":0,"52":1,"53":0,"54":0,"55":0,"56":0,"57":0,"58":0,"59":0,"60":1,"61":1,"62":0,"63":0,"64":0,"65":0,"66":0,"67":0,"68":1,"69":1,"70":0,"71":0,"72":0,"73":0,"74":0,"75":0,"76":0,"77":1,"78":1,"79":0,"80":0,"81":0,"82":0,"83":0,"84":0,"85":0,"86":0,"87":0,"88":1,"89":0,"90":1,"91":1,"92":0,"93":1,"94":1,"95":1,"96":1,"97":1,"98":1,"99":1,"100":1,"101":1,"102":1,"103":1,"104":0,"105":1,"106":1,"107":1,"108":1,"109":1,"110":1,"111":1,"112":0,"113":1,"114":0,"115":1,"116":1,"117":1,"118":1,"119":1,"120":1,"121":1,"122":1,"123":1,"124":0,"125":0,"126":1,"127":1,"128":1,"129":1,"130":1,"131":1,"132":1,"133":1,"134":0,"135":1,"136":1,"137":1,"138":1,"139":1,"140":1,"141":1,"142":1,"143":0,"144":0,"145":0,"146":0,"147":0,"148":0,"149":0,"150":0,"151":0,"152":0,"153":0,"154":1,"155":0,"156":0,"157":1,"158":0,"159":0,"160":1,"161":0,"162":0,"163":1,"164":1,"165":1,"166":1,"167":1,"168":1,"169":6,"170":6,"171":1,"172":1,"173":0,"174":0,"175":1,"176":0,"177":0,"178":0,"179":0,"180":0,"181":0,"182":0,"183":0,"184":0,"185":0,"186":1,"187":2,"188":0,"189":0,"190":0,"191":0,"192":0,"193":0,"194":0,"195":0,"196":1,"197":0,"198":0,"199":0,"200":0,"201":0,"202":0,"203":0,"204":1,"205":48,"206":0,"207":0,"208":0,"209":0,"210":0,"211":0,"212":0,"213":0,"214":48,"215":0,"216":0,"217":0,"218":0,"219":0,"220":0,"221":18,"222":0,"223":0,"224":0,"225":0,"226":0,"227":16,"228":10,"229":0,"230":10,"231":10,"232":10,"233":8,"234":0,"235":0,"236":0,"237":0,"238":0,"239":0,"240":0,"241":0,"242":0,"243":0,"244":0,"245":3,"246":0,"247":0,"248":0,"249":0,"250":0,"251":3,"252":1,"253":4,"254":0,"255":0,"256":0,"257":0,"258":0,"259":0,"260":0,"261":4,"262":0,"263":0,"264":0,"265":0,"266":0,"267":0,"268":0,"269":0,"270":0,"271":0,"272":0,"273":0,"274":0,"275":0,"276":0,"277":0,"278":0,"279":0,"280":1,"281":0,"282":0,"283":0,"284":0,"285":0,"286":2,"287":0,"288":0,"289":0,"290":0,"291":0,"292":0,"293":0,"294":0,"295":0,"296":0,"297":0,"298":1,"299":1,"300":0,"301":1,"302":0},"b":{"1":[0,1],"2":[0,1],"3":[1,0],"4":[0,0],"5":[0,0],"6":[0,0],"7":[0,0],"8":[0,0],"9":[0,0],"10":[0,0],"11":[0,1],"12":[1,1],"13":[0,0],"14":[0,0],"15":[0,0],"16":[0,0],"17":[0,0],"18":[0,0],"19":[0,0],"20":[0,0],"21":[0,0],"22":[0,0],"23":[0,0],"24":[0,0],"25":[0,0],"26":[0,0],"27":[0,0],"28":[0,0],"29":[0,0],"30":[0,0],"31":[0,0],"32":[1,0],"33":[0,1],"34":[0,1],"35":[1,0],"36":[1,0],"37":[0,1],"38":[1,0],"39":[0,1],"40":[0,1],"41":[1,0],"42":[1,0],"43":[1,1,1],"44":[1,0],"45":[0,0],"46":[0,0,0],"47":[1,0],"48":[1,0],"49":[1,0],"50":[0,0],"51":[0,0],"52":[1,0],"53":[6,0],"54":[0,0],"55":[0,0],"56":[0,0],"57":[0,0],"58":[0,0],"59":[0,0],"60":[0,0],"61":[0,0],"62":[0,0],"63":[0,0],"64":[0,18,16,8,0,3,3],"65":[0,0],"66":[0,0],"67":[0,0],"68":[0,0],"69":[0,10],"70":[10,0],"71":[0,0],"72":[0,0],"73":[0,0],"74":[0,0],"75":[0,0],"76":[0,0],"77":[0,0],"78":[0,0],"79":[0,0,0,1,2,0,1],"80":[0,0],"81":[0,0],"82":[0,0],"83":[0,0],"84":[0,0],"85":[0,0],"86":[0,0],"87":[0,0],"88":[0,0],"89":[0,0],"90":[0,0],"91":[0,0],"92":[0,0],"93":[0,0]},"f":{"1":0,"2":0,"3":0,"4":0,"5":0,"6":0,"7":0,"8":0,"9":0,"10":0,"11":0,"12":0,"13":0,"14":0,"15":0,"16":0,"17":0,"18":0,"19":0,"20":1,"21":1,"22":0,"23":0,"24":0,"25":0,"26":6,"27":0,"28":0,"29":0,"30":2,"31":0,"32":0,"33":0,"34":0,"35":0,"36":48,"37":0,"38":0,"39":0,"40":10,"41":0,"42":0,"43":0,"44":4,"45":0,"46":0,"47":0,"48":0,"49":0,"50":0,"51":0,"52":0,"53":0},"fnMap":{"1":{"name":"(anonymous_1)","line":20,"loc":{"start":{"line":20,"column":23},"end":{"line":20,"column":39}}},"2":{"name":"(anonymous_2)","line":49,"loc":{"start":{"line":49,"column":30},"end":{"line":49,"column":46}}},"3":{"name":"toNumber","line":52,"loc":{"start":{"line":52,"column":4},"end":{"line":52,"column":25}}},"4":{"name":"(anonymous_4)","line":75,"loc":{"start":{"line":75,"column":39},"end":{"line":75,"column":59}}},"5":{"name":"(anonymous_5)","line":76,"loc":{"start":{"line":76,"column":9},"end":{"line":76,"column":21}}},"6":{"name":"(anonymous_6)","line":77,"loc":{"start":{"line":77,"column":26},"end":{"line":77,"column":44}}},"7":{"name":"patchOnRead","line":95,"loc":{"start":{"line":95,"column":0},"end":{"line":95,"column":26}}},"8":{"name":"(anonymous_8)","line":105,"loc":{"start":{"line":105,"column":38},"end":{"line":105,"column":58}}},"9":{"name":"(anonymous_9)","line":106,"loc":{"start":{"line":106,"column":9},"end":{"line":106,"column":21}}},"10":{"name":"(anonymous_10)","line":124,"loc":{"start":{"line":124,"column":41},"end":{"line":124,"column":61}}},"11":{"name":"(anonymous_11)","line":125,"loc":{"start":{"line":125,"column":9},"end":{"line":125,"column":24}}},"12":{"name":"(anonymous_12)","line":127,"loc":{"start":{"line":127,"column":32},"end":{"line":127,"column":50}}},"13":{"name":"wrapChildProcess","line":137,"loc":{"start":{"line":137,"column":0},"end":{"line":137,"column":33}}},"14":{"name":"(anonymous_14)","line":139,"loc":{"start":{"line":139,"column":24},"end":{"line":139,"column":42}}},"15":{"name":"(anonymous_15)","line":154,"loc":{"start":{"line":154,"column":53},"end":{"line":154,"column":73}}},"16":{"name":"(anonymous_16)","line":155,"loc":{"start":{"line":155,"column":11},"end":{"line":155,"column":23}}},"17":{"name":"(anonymous_17)","line":166,"loc":{"start":{"line":166,"column":5},"end":{"line":166,"column":25}}},"18":{"name":"(anonymous_18)","line":167,"loc":{"start":{"line":167,"column":11},"end":{"line":167,"column":23}}},"19":{"name":"create","line":324,"loc":{"start":{"line":324,"column":12},"end":{"line":324,"column":30}}},"20":{"name":"notSync","line":330,"loc":{"start":{"line":330,"column":36},"end":{"line":330,"column":55}}},"21":{"name":"wrapPromise","line":391,"loc":{"start":{"line":391,"column":0},"end":{"line":391,"column":23}}},"22":{"name":"wrappedPromise","line":394,"loc":{"start":{"line":394,"column":2},"end":{"line":394,"column":36}}},"23":{"name":"wrappedExecutor","line":415,"loc":{"start":{"line":415,"column":4},"end":{"line":415,"column":46}}},"24":{"name":"wrappedAccept","line":421,"loc":{"start":{"line":421,"column":6},"end":{"line":421,"column":34}}},"25":{"name":"wrappedReject","line":426,"loc":{"start":{"line":426,"column":6},"end":{"line":426,"column":34}}},"26":{"name":"(anonymous_26)","line":450,"loc":{"start":{"line":450,"column":27},"end":{"line":450,"column":41}}},"27":{"name":"ensureAslWrapper","line":459,"loc":{"start":{"line":459,"column":2},"end":{"line":459,"column":48}}},"28":{"name":"propagateAslWrapper","line":465,"loc":{"start":{"line":465,"column":2},"end":{"line":465,"column":54}}},"29":{"name":"proxyWrapper","line":475,"loc":{"start":{"line":475,"column":29},"end":{"line":475,"column":53}}},"30":{"name":"wrapThen","line":485,"loc":{"start":{"line":485,"column":2},"end":{"line":485,"column":30}}},"31":{"name":"wrappedThen","line":486,"loc":{"start":{"line":486,"column":11},"end":{"line":486,"column":34}}},"32":{"name":"proxyWrapper","line":490,"loc":{"start":{"line":490,"column":27},"end":{"line":490,"column":69}}},"33":{"name":"(anonymous_33)","line":492,"loc":{"start":{"line":492,"column":37},"end":{"line":492,"column":49}}},"34":{"name":"bind","line":502,"loc":{"start":{"line":502,"column":6},"end":{"line":502,"column":24}}},"35":{"name":"(anonymous_35)","line":504,"loc":{"start":{"line":504,"column":28},"end":{"line":504,"column":43}}},"36":{"name":"activator","line":518,"loc":{"start":{"line":518,"column":0},"end":{"line":518,"column":23}}},"37":{"name":"(anonymous_37)","line":519,"loc":{"start":{"line":519,"column":17},"end":{"line":519,"column":29}}},"38":{"name":"(anonymous_38)","line":534,"loc":{"start":{"line":534,"column":13},"end":{"line":534,"column":27}}},"39":{"name":"(anonymous_39)","line":540,"loc":{"start":{"line":540,"column":13},"end":{"line":540,"column":30}}},"40":{"name":"(anonymous_40)","line":546,"loc":{"start":{"line":546,"column":13},"end":{"line":546,"column":33}}},"41":{"name":"(anonymous_41)","line":552,"loc":{"start":{"line":552,"column":13},"end":{"line":552,"column":36}}},"42":{"name":"(anonymous_42)","line":558,"loc":{"start":{"line":558,"column":13},"end":{"line":558,"column":39}}},"43":{"name":"(anonymous_43)","line":564,"loc":{"start":{"line":564,"column":13},"end":{"line":564,"column":42}}},"44":{"name":"activatorFirst","line":575,"loc":{"start":{"line":575,"column":0},"end":{"line":575,"column":28}}},"45":{"name":"(anonymous_45)","line":576,"loc":{"start":{"line":576,"column":17},"end":{"line":576,"column":29}}},"46":{"name":"(anonymous_46)","line":590,"loc":{"start":{"line":590,"column":13},"end":{"line":590,"column":27}}},"47":{"name":"(anonymous_47)","line":596,"loc":{"start":{"line":596,"column":13},"end":{"line":596,"column":30}}},"48":{"name":"(anonymous_48)","line":602,"loc":{"start":{"line":602,"column":13},"end":{"line":602,"column":33}}},"49":{"name":"(anonymous_49)","line":608,"loc":{"start":{"line":608,"column":13},"end":{"line":608,"column":36}}},"50":{"name":"(anonymous_50)","line":614,"loc":{"start":{"line":614,"column":13},"end":{"line":614,"column":39}}},"51":{"name":"(anonymous_51)","line":620,"loc":{"start":{"line":620,"column":13},"end":{"line":620,"column":42}}},"52":{"name":"toNumber","line":631,"loc":{"start":{"line":631,"column":0},"end":{"line":631,"column":21}}},"53":{"name":"isPipeName","line":636,"loc":{"start":{"line":636,"column":0},"end":{"line":636,"column":23}}}},"statementMap":{"1":{"start":{"line":3,"column":0},"end":{"line":3,"column":86}},"2":{"start":{"line":3,"column":30},"end":{"line":3,"column":86}},"3":{"start":{"line":5,"column":0},"end":{"line":11,"column":3}},"4":{"start":{"line":13,"column":0},"end":{"line":13,"column":50}},"5":{"start":{"line":15,"column":0},"end":{"line":15,"column":25}},"6":{"start":{"line":18,"column":0},"end":{"line":73,"column":1}},"7":{"start":{"line":20,"column":2},"end":{"line":46,"column":3}},"8":{"start":{"line":21,"column":4},"end":{"line":23,"column":5}},"9":{"start":{"line":22,"column":6},"end":{"line":22,"column":24}},"10":{"start":{"line":25,"column":4},"end":{"line":25,"column":23}},"11":{"start":{"line":26,"column":4},"end":{"line":26,"column":21}},"12":{"start":{"line":27,"column":4},"end":{"line":39,"column":5}},"13":{"start":{"line":29,"column":6},"end":{"line":29,"column":21}},"14":{"start":{"line":30,"column":11},"end":{"line":39,"column":5}},"15":{"start":{"line":32,"column":6},"end":{"line":32,"column":26}},"16":{"start":{"line":35,"column":6},"end":{"line":35,"column":26}},"17":{"start":{"line":36,"column":6},"end":{"line":38,"column":7}},"18":{"start":{"line":37,"column":8},"end":{"line":37,"column":31}},"19":{"start":{"line":41,"column":4},"end":{"line":41,"column":35}},"20":{"start":{"line":42,"column":4},"end":{"line":45,"column":27}},"21":{"start":{"line":43,"column":6},"end":{"line":43,"column":29}},"22":{"start":{"line":45,"column":6},"end":{"line":45,"column":27}},"23":{"start":{"line":47,"column":7},"end":{"line":73,"column":1}},"24":{"start":{"line":49,"column":2},"end":{"line":72,"column":4}},"25":{"start":{"line":50,"column":4},"end":{"line":50,"column":21}},"26":{"start":{"line":52,"column":4},"end":{"line":52,"column":69}},"27":{"start":{"line":52,"column":27},"end":{"line":52,"column":67}},"28":{"start":{"line":54,"column":4},"end":{"line":68,"column":5}},"29":{"start":{"line":56,"column":6},"end":{"line":56,"column":24}},"30":{"start":{"line":58,"column":9},"end":{"line":68,"column":5}},"31":{"start":{"line":60,"column":6},"end":{"line":60,"column":29}},"32":{"start":{"line":64,"column":6},"end":{"line":64,"column":29}},"33":{"start":{"line":65,"column":6},"end":{"line":67,"column":7}},"34":{"start":{"line":66,"column":8},"end":{"line":66,"column":31}},"35":{"start":{"line":70,"column":4},"end":{"line":70,"column":35}},"36":{"start":{"line":71,"column":4},"end":{"line":71,"column":64}},"37":{"start":{"line":75,"column":0},"end":{"line":93,"column":3}},"38":{"start":{"line":76,"column":2},"end":{"line":92,"column":4}},"39":{"start":{"line":77,"column":4},"end":{"line":81,"column":7}},"40":{"start":{"line":78,"column":6},"end":{"line":80,"column":7}},"41":{"start":{"line":79,"column":8},"end":{"line":79,"column":68}},"42":{"start":{"line":83,"column":4},"end":{"line":91,"column":5}},"43":{"start":{"line":84,"column":6},"end":{"line":84,"column":45}},"44":{"start":{"line":88,"column":6},"end":{"line":90,"column":7}},"45":{"start":{"line":89,"column":8},"end":{"line":89,"column":76}},"46":{"start":{"line":95,"column":0},"end":{"line":103,"column":1}},"47":{"start":{"line":96,"column":2},"end":{"line":102,"column":3}},"48":{"start":{"line":97,"column":4},"end":{"line":97,"column":29}},"49":{"start":{"line":98,"column":4},"end":{"line":100,"column":5}},"50":{"start":{"line":99,"column":6},"end":{"line":99,"column":45}},"51":{"start":{"line":101,"column":4},"end":{"line":101,"column":57}},"52":{"start":{"line":105,"column":0},"end":{"line":116,"column":3}},"53":{"start":{"line":106,"column":2},"end":{"line":115,"column":4}},"54":{"start":{"line":108,"column":4},"end":{"line":110,"column":45}},"55":{"start":{"line":111,"column":4},"end":{"line":111,"column":49}},"56":{"start":{"line":111,"column":17},"end":{"line":111,"column":49}},"57":{"start":{"line":112,"column":4},"end":{"line":112,"column":44}},"58":{"start":{"line":113,"column":4},"end":{"line":113,"column":22}},"59":{"start":{"line":114,"column":4},"end":{"line":114,"column":18}},"60":{"start":{"line":118,"column":0},"end":{"line":118,"column":27}},"61":{"start":{"line":124,"column":0},"end":{"line":133,"column":3}},"62":{"start":{"line":125,"column":2},"end":{"line":132,"column":4}},"63":{"start":{"line":126,"column":4},"end":{"line":126,"column":32}},"64":{"start":{"line":127,"column":4},"end":{"line":130,"column":7}},"65":{"start":{"line":128,"column":6},"end":{"line":128,"column":26}},"66":{"start":{"line":129,"column":6},"end":{"line":129,"column":45}},"67":{"start":{"line":131,"column":4},"end":{"line":131,"column":43}},"68":{"start":{"line":135,"column":0},"end":{"line":135,"column":44}},"69":{"start":{"line":137,"column":0},"end":{"line":150,"column":1}},"70":{"start":{"line":138,"column":2},"end":{"line":145,"column":3}},"71":{"start":{"line":139,"column":4},"end":{"line":144,"column":7}},"72":{"start":{"line":140,"column":6},"end":{"line":143,"column":7}},"73":{"start":{"line":141,"column":8},"end":{"line":141,"column":68}},"74":{"start":{"line":142,"column":8},"end":{"line":142,"column":54}},"75":{"start":{"line":147,"column":2},"end":{"line":149,"column":3}},"76":{"start":{"line":148,"column":4},"end":{"line":148,"column":62}},"77":{"start":{"line":153,"column":0},"end":{"line":173,"column":1}},"78":{"start":{"line":154,"column":2},"end":{"line":160,"column":5}},"79":{"start":{"line":155,"column":4},"end":{"line":159,"column":6}},"80":{"start":{"line":156,"column":6},"end":{"line":156,"column":51}},"81":{"start":{"line":157,"column":6},"end":{"line":157,"column":29}},"82":{"start":{"line":158,"column":6},"end":{"line":158,"column":20}},"83":{"start":{"line":162,"column":2},"end":{"line":172,"column":5}},"84":{"start":{"line":167,"column":4},"end":{"line":171,"column":6}},"85":{"start":{"line":168,"column":6},"end":{"line":168,"column":51}},"86":{"start":{"line":169,"column":6},"end":{"line":169,"column":31}},"87":{"start":{"line":170,"column":6},"end":{"line":170,"column":20}},"88":{"start":{"line":176,"column":0},"end":{"line":178,"column":1}},"89":{"start":{"line":177,"column":2},"end":{"line":177,"column":47}},"90":{"start":{"line":180,"column":0},"end":{"line":180,"column":20}},"91":{"start":{"line":181,"column":0},"end":{"line":181,"column":64}},"92":{"start":{"line":181,"column":29},"end":{"line":181,"column":64}},"93":{"start":{"line":182,"column":0},"end":{"line":182,"column":72}},"94":{"start":{"line":182,"column":33},"end":{"line":182,"column":72}},"95":{"start":{"line":184,"column":0},"end":{"line":188,"column":2}},"96":{"start":{"line":189,"column":0},"end":{"line":189,"column":42}},"97":{"start":{"line":191,"column":0},"end":{"line":194,"column":2}},"98":{"start":{"line":195,"column":0},"end":{"line":195,"column":61}},"99":{"start":{"line":195,"column":25},"end":{"line":195,"column":61}},"100":{"start":{"line":197,"column":0},"end":{"line":197,"column":31}},"101":{"start":{"line":198,"column":0},"end":{"line":198,"column":64}},"102":{"start":{"line":200,"column":0},"end":{"line":204,"column":2}},"103":{"start":{"line":206,"column":0},"end":{"line":212,"column":1}},"104":{"start":{"line":207,"column":2},"end":{"line":211,"column":4}},"105":{"start":{"line":214,"column":0},"end":{"line":214,"column":25}},"106":{"start":{"line":215,"column":0},"end":{"line":230,"column":2}},"107":{"start":{"line":232,"column":0},"end":{"line":232,"column":59}},"108":{"start":{"line":232,"column":22},"end":{"line":232,"column":59}},"109":{"start":{"line":234,"column":0},"end":{"line":234,"column":23}},"110":{"start":{"line":235,"column":0},"end":{"line":271,"column":2}},"111":{"start":{"line":274,"column":0},"end":{"line":274,"column":45}},"112":{"start":{"line":274,"column":15},"end":{"line":274,"column":45}},"113":{"start":{"line":275,"column":0},"end":{"line":275,"column":45}},"114":{"start":{"line":275,"column":15},"end":{"line":275,"column":45}},"115":{"start":{"line":278,"column":0},"end":{"line":278,"column":51}},"116":{"start":{"line":278,"column":18},"end":{"line":278,"column":51}},"117":{"start":{"line":281,"column":0},"end":{"line":281,"column":9}},"118":{"start":{"line":282,"column":0},"end":{"line":282,"column":47}},"119":{"start":{"line":282,"column":6},"end":{"line":282,"column":29}},"120":{"start":{"line":283,"column":0},"end":{"line":301,"column":1}},"121":{"start":{"line":284,"column":2},"end":{"line":284,"column":60}},"122":{"start":{"line":285,"column":2},"end":{"line":300,"column":3}},"123":{"start":{"line":287,"column":4},"end":{"line":287,"column":41}},"124":{"start":{"line":289,"column":7},"end":{"line":300,"column":3}},"125":{"start":{"line":291,"column":4},"end":{"line":299,"column":6}},"126":{"start":{"line":304,"column":0},"end":{"line":304,"column":11}},"127":{"start":{"line":305,"column":0},"end":{"line":305,"column":51}},"128":{"start":{"line":305,"column":6},"end":{"line":305,"column":33}},"129":{"start":{"line":306,"column":0},"end":{"line":316,"column":1}},"130":{"start":{"line":307,"column":2},"end":{"line":315,"column":4}},"131":{"start":{"line":318,"column":0},"end":{"line":318,"column":41}},"132":{"start":{"line":321,"column":0},"end":{"line":335,"column":1}},"133":{"start":{"line":323,"column":2},"end":{"line":327,"column":5}},"134":{"start":{"line":325,"column":6},"end":{"line":325,"column":32}},"135":{"start":{"line":330,"column":2},"end":{"line":332,"column":5}},"136":{"start":{"line":331,"column":4},"end":{"line":331,"column":30}},"137":{"start":{"line":334,"column":2},"end":{"line":334,"column":47}},"138":{"start":{"line":387,"column":0},"end":{"line":389,"column":1}},"139":{"start":{"line":388,"column":2},"end":{"line":388,"column":16}},"140":{"start":{"line":391,"column":0},"end":{"line":515,"column":1}},"141":{"start":{"line":392,"column":2},"end":{"line":392,"column":31}},"142":{"start":{"line":394,"column":2},"end":{"line":431,"column":3}},"143":{"start":{"line":395,"column":4},"end":{"line":397,"column":5}},"144":{"start":{"line":396,"column":6},"end":{"line":396,"column":31}},"145":{"start":{"line":399,"column":4},"end":{"line":401,"column":5}},"146":{"start":{"line":400,"column":6},"end":{"line":400,"column":35}},"147":{"start":{"line":403,"column":4},"end":{"line":403,"column":22}},"148":{"start":{"line":404,"column":4},"end":{"line":404,"column":47}},"149":{"start":{"line":405,"column":4},"end":{"line":405,"column":49}},"150":{"start":{"line":407,"column":4},"end":{"line":411,"column":5}},"151":{"start":{"line":408,"column":6},"end":{"line":408,"column":36}},"152":{"start":{"line":410,"column":6},"end":{"line":410,"column":18}},"153":{"start":{"line":413,"column":4},"end":{"line":413,"column":19}},"154":{"start":{"line":415,"column":4},"end":{"line":430,"column":5}},"155":{"start":{"line":416,"column":6},"end":{"line":416,"column":21}},"156":{"start":{"line":417,"column":6},"end":{"line":417,"column":44}},"157":{"start":{"line":421,"column":6},"end":{"line":424,"column":7}},"158":{"start":{"line":422,"column":8},"end":{"line":422,"column":41}},"159":{"start":{"line":423,"column":8},"end":{"line":423,"column":28}},"160":{"start":{"line":426,"column":6},"end":{"line":429,"column":7}},"161":{"start":{"line":427,"column":8},"end":{"line":427,"column":41}},"162":{"start":{"line":428,"column":8},"end":{"line":428,"column":27}},"163":{"start":{"line":433,"column":2},"end":{"line":433,"column":41}},"164":{"start":{"line":435,"column":2},"end":{"line":435,"column":44}},"165":{"start":{"line":437,"column":2},"end":{"line":439,"column":3}},"166":{"start":{"line":438,"column":4},"end":{"line":438,"column":47}},"167":{"start":{"line":441,"column":2},"end":{"line":448,"column":4}},"168":{"start":{"line":450,"column":2},"end":{"line":455,"column":5}},"169":{"start":{"line":452,"column":4},"end":{"line":454,"column":5}},"170":{"start":{"line":453,"column":6},"end":{"line":453,"column":41}},"171":{"start":{"line":457,"column":2},"end":{"line":457,"column":34}},"172":{"start":{"line":459,"column":2},"end":{"line":463,"column":3}},"173":{"start":{"line":460,"column":4},"end":{"line":462,"column":5}},"174":{"start":{"line":461,"column":6},"end":{"line":461,"column":64}},"175":{"start":{"line":465,"column":2},"end":{"line":483,"column":3}},"176":{"start":{"line":466,"column":4},"end":{"line":466,"column":19}},"177":{"start":{"line":467,"column":4},"end":{"line":482,"column":5}},"178":{"start":{"line":468,"column":6},"end":{"line":468,"column":40}},"179":{"start":{"line":469,"column":6},"end":{"line":469,"column":50}},"180":{"start":{"line":471,"column":6},"end":{"line":471,"column":41}},"181":{"start":{"line":474,"column":6},"end":{"line":481,"column":7}},"182":{"start":{"line":475,"column":8},"end":{"line":478,"column":9}},"183":{"start":{"line":476,"column":10},"end":{"line":476,"column":75}},"184":{"start":{"line":477,"column":10},"end":{"line":477,"column":51}},"185":{"start":{"line":480,"column":8},"end":{"line":480,"column":37}},"186":{"start":{"line":485,"column":2},"end":{"line":514,"column":3}},"187":{"start":{"line":486,"column":4},"end":{"line":513,"column":5}},"188":{"start":{"line":487,"column":6},"end":{"line":487,"column":25}},"189":{"start":{"line":488,"column":6},"end":{"line":488,"column":84}},"190":{"start":{"line":490,"column":6},"end":{"line":496,"column":7}},"191":{"start":{"line":491,"column":8},"end":{"line":494,"column":9}},"192":{"start":{"line":492,"column":10},"end":{"line":492,"column":65}},"193":{"start":{"line":493,"column":10},"end":{"line":493,"column":56}},"194":{"start":{"line":495,"column":8},"end":{"line":495,"column":55}},"195":{"start":{"line":498,"column":6},"end":{"line":498,"column":18}},"196":{"start":{"line":502,"column":6},"end":{"line":512,"column":7}},"197":{"start":{"line":503,"column":8},"end":{"line":503,"column":48}},"198":{"start":{"line":503,"column":38},"end":{"line":503,"column":48}},"199":{"start":{"line":504,"column":8},"end":{"line":511,"column":11}},"200":{"start":{"line":505,"column":10},"end":{"line":505,"column":91}},"201":{"start":{"line":506,"column":10},"end":{"line":510,"column":11}},"202":{"start":{"line":507,"column":12},"end":{"line":507,"column":33}},"203":{"start":{"line":509,"column":12},"end":{"line":509,"column":35}},"204":{"start":{"line":518,"column":0},"end":{"line":572,"column":1}},"205":{"start":{"line":519,"column":2},"end":{"line":530,"column":4}},"206":{"start":{"line":520,"column":4},"end":{"line":520,"column":13}},"207":{"start":{"line":521,"column":4},"end":{"line":521,"column":37}},"208":{"start":{"line":522,"column":4},"end":{"line":528,"column":5}},"209":{"start":{"line":523,"column":6},"end":{"line":523,"column":36}},"210":{"start":{"line":524,"column":6},"end":{"line":526,"column":7}},"211":{"start":{"line":525,"column":8},"end":{"line":525,"column":31}},"212":{"start":{"line":527,"column":6},"end":{"line":527,"column":51}},"213":{"start":{"line":529,"column":4},"end":{"line":529,"column":45}},"214":{"start":{"line":532,"column":2},"end":{"line":571,"column":3}},"215":{"start":{"line":534,"column":6},"end":{"line":538,"column":8}},"216":{"start":{"line":535,"column":8},"end":{"line":535,"column":75}},"217":{"start":{"line":535,"column":36},"end":{"line":535,"column":75}},"218":{"start":{"line":536,"column":8},"end":{"line":536,"column":60}},"219":{"start":{"line":536,"column":38},"end":{"line":536,"column":60}},"220":{"start":{"line":537,"column":8},"end":{"line":537,"column":33}},"221":{"start":{"line":540,"column":6},"end":{"line":544,"column":8}},"222":{"start":{"line":541,"column":8},"end":{"line":541,"column":75}},"223":{"start":{"line":541,"column":36},"end":{"line":541,"column":75}},"224":{"start":{"line":542,"column":8},"end":{"line":542,"column":60}},"225":{"start":{"line":542,"column":38},"end":{"line":542,"column":60}},"226":{"start":{"line":543,"column":8},"end":{"line":543,"column":36}},"227":{"start":{"line":546,"column":6},"end":{"line":550,"column":8}},"228":{"start":{"line":547,"column":8},"end":{"line":547,"column":75}},"229":{"start":{"line":547,"column":36},"end":{"line":547,"column":75}},"230":{"start":{"line":548,"column":8},"end":{"line":548,"column":60}},"231":{"start":{"line":548,"column":38},"end":{"line":548,"column":60}},"232":{"start":{"line":549,"column":8},"end":{"line":549,"column":39}},"233":{"start":{"line":552,"column":6},"end":{"line":556,"column":8}},"234":{"start":{"line":553,"column":8},"end":{"line":553,"column":75}},"235":{"start":{"line":553,"column":36},"end":{"line":553,"column":75}},"236":{"start":{"line":554,"column":8},"end":{"line":554,"column":60}},"237":{"start":{"line":554,"column":38},"end":{"line":554,"column":60}},"238":{"start":{"line":555,"column":8},"end":{"line":555,"column":42}},"239":{"start":{"line":558,"column":6},"end":{"line":562,"column":8}},"240":{"start":{"line":559,"column":8},"end":{"line":559,"column":75}},"241":{"start":{"line":559,"column":36},"end":{"line":559,"column":75}},"242":{"start":{"line":560,"column":8},"end":{"line":560,"column":60}},"243":{"start":{"line":560,"column":38},"end":{"line":560,"column":60}},"244":{"start":{"line":561,"column":8},"end":{"line":561,"column":45}},"245":{"start":{"line":564,"column":6},"end":{"line":568,"column":8}},"246":{"start":{"line":565,"column":8},"end":{"line":565,"column":75}},"247":{"start":{"line":565,"column":36},"end":{"line":565,"column":75}},"248":{"start":{"line":566,"column":8},"end":{"line":566,"column":60}},"249":{"start":{"line":566,"column":38},"end":{"line":566,"column":60}},"250":{"start":{"line":567,"column":8},"end":{"line":567,"column":48}},"251":{"start":{"line":570,"column":6},"end":{"line":570,"column":22}},"252":{"start":{"line":575,"column":0},"end":{"line":628,"column":1}},"253":{"start":{"line":576,"column":2},"end":{"line":586,"column":4}},"254":{"start":{"line":577,"column":4},"end":{"line":577,"column":13}},"255":{"start":{"line":578,"column":4},"end":{"line":584,"column":5}},"256":{"start":{"line":579,"column":6},"end":{"line":579,"column":36}},"257":{"start":{"line":580,"column":6},"end":{"line":580,"column":43}},"258":{"start":{"line":581,"column":6},"end":{"line":583,"column":7}},"259":{"start":{"line":582,"column":8},"end":{"line":582,"column":31}},"260":{"start":{"line":585,"column":4},"end":{"line":585,"column":45}},"261":{"start":{"line":588,"column":2},"end":{"line":627,"column":3}},"262":{"start":{"line":590,"column":6},"end":{"line":594,"column":8}},"263":{"start":{"line":591,"column":8},"end":{"line":591,"column":75}},"264":{"start":{"line":591,"column":36},"end":{"line":591,"column":75}},"265":{"start":{"line":592,"column":8},"end":{"line":592,"column":60}},"266":{"start":{"line":592,"column":38},"end":{"line":592,"column":60}},"267":{"start":{"line":593,"column":8},"end":{"line":593,"column":33}},"268":{"start":{"line":596,"column":6},"end":{"line":600,"column":8}},"269":{"start":{"line":597,"column":8},"end":{"line":597,"column":75}},"270":{"start":{"line":597,"column":36},"end":{"line":597,"column":75}},"271":{"start":{"line":598,"column":8},"end":{"line":598,"column":60}},"272":{"start":{"line":598,"column":38},"end":{"line":598,"column":60}},"273":{"start":{"line":599,"column":8},"end":{"line":599,"column":36}},"274":{"start":{"line":602,"column":6},"end":{"line":606,"column":8}},"275":{"start":{"line":603,"column":8},"end":{"line":603,"column":75}},"276":{"start":{"line":603,"column":36},"end":{"line":603,"column":75}},"277":{"start":{"line":604,"column":8},"end":{"line":604,"column":60}},"278":{"start":{"line":604,"column":38},"end":{"line":604,"column":60}},"279":{"start":{"line":605,"column":8},"end":{"line":605,"column":39}},"280":{"start":{"line":608,"column":6},"end":{"line":612,"column":8}},"281":{"start":{"line":609,"column":8},"end":{"line":609,"column":75}},"282":{"start":{"line":609,"column":36},"end":{"line":609,"column":75}},"283":{"start":{"line":610,"column":8},"end":{"line":610,"column":60}},"284":{"start":{"line":610,"column":38},"end":{"line":610,"column":60}},"285":{"start":{"line":611,"column":8},"end":{"line":611,"column"
[...]
olumn":10},"end":{"line":315,"column":10}}]},"28":{"line":317,"type":"binary-expr","locations":[{"start":{"line":317,"column":22},"end":{"line":317,"column":65}},{"start":{"line":317,"column":69},"end":{"line":317,"column":76}}]},"29":{"line":325,"type":"if","locations":[{"start":{"line":325,"column":8},"end":{"line":325,"column":8}},{"start":{"line":325,"column":8},"end":{"line":325,"column":8}}]},"30":{"line":339,"type":"if","locations":[{"start":{"line":339,"column":8},"end":{"line":339,"column":8}},{"start":{"line":339,"column":8},"end":{"line":339,"column":8}}]},"31":{"line":339,"type":"binary-expr","locations":[{"start":{"line":339,"column":12},"end":{"line":339,"column":18}},{"start":{"line":339,"column":22},"end":{"line":339,"column":29}}]},"32":{"line":342,"type":"if","locations":[{"start":{"line":342,"column":12},"end":{"line":342,"column":12}},{"start":{"line":342,"column":12},"end":{"line":342,"column":12}}]},"33":{"line":367,"type":"if","locations":[{"start":{"line":367,"column":4},"end":{"line":367,"column":4}},{"start":{"line":367,"column":4},"end":{"line":367,"column":4}}]},"34":{"line":395,"type":"if","locations":[{"start":{"line":395,"column":2},"end":{"line":395,"column":2}},{"start":{"line":395,"column":2},"end":{"line":395,"column":2}}]},"35":{"line":401,"type":"if","locations":[{"start":{"line":401,"column":4},"end":{"line":401,"column":4}},{"start":{"line":401,"column":4},"end":{"line":401,"column":4}}]},"36":{"line":408,"type":"if","locations":[{"start":{"line":408,"column":2},"end":{"line":408,"column":2}},{"start":{"line":408,"column":2},"end":{"line":408,"column":2}}]},"37":{"line":413,"type":"if","locations":[{"start":{"line":413,"column":2},"end":{"line":413,"column":2}},{"start":{"line":413,"column":2},"end":{"line":413,"column":2}}]},"38":{"line":418,"type":"if","locations":[{"start":{"line":418,"column":2},"end":{"line":418,"column":2}},{"start":{"line":418,"column":2},"end":{"line":418,"column":2}}]},"39":{"line":423,"type":"if","locations":[{"start":{"line":423,"column":2},"end":{"line":423,"column":2}},{"start":{"line":423,"column":2},"end":{"line":423,"column":2}}]},"40":{"line":429,"type":"cond-expr","locations":[{"start":{"line":429,"column":35},"end":{"line":429,"column":39}},{"start":{"line":429,"column":42},"end":{"line":429,"column":46}}]},"41":{"line":440,"type":"if","locations":[{"start":{"line":440,"column":2},"end":{"line":440,"column":2}},{"start":{"line":440,"column":2},"end":{"line":440,"column":2}}]},"42":{"line":440,"type":"binary-expr","locations":[{"start":{"line":440,"column":6},"end":{"line":440,"column":35}},{"start":{"line":440,"column":39},"end":{"line":440,"column":49}}]},"43":{"line":444,"type":"if","locations":[{"start":{"line":444,"column":2},"end":{"line":444,"column":2}},{"start":{"line":444,"column":2},"end":{"line":444,"column":2}}]},"44":{"line":454,"type":"if","locations":[{"start":{"line":454,"column":2},"end":{"line":454,"column":2}},{"start":{"line":454,"column":2},"end":{"line":454,"column":2}}]},"45":{"line":464,"type":"if","locations":[{"start":{"line":464,"column":4},"end":{"line":464,"column":4}},{"start":{"line":464,"column":4},"end":{"line":464,"column":4}}]},"46":{"line":470,"type":"if","locations":[{"start":{"line":470,"column":2},"end":{"line":470,"column":2}},{"start":{"line":470,"column":2},"end":{"line":470,"column":2}}]},"47":{"line":477,"type":"if","locations":[{"start":{"line":477,"column":4},"end":{"line":477,"column":4}},{"start":{"line":477,"column":4},"end":{"line":477,"column":4}}]}},"code":["var wrap = require('shimmer').wrap;","","/*"," *"," * CONSTANTS"," *"," */","var HAS_CREATE_AL = 1 << 0;","var HAS_BEFORE_AL = 1 << 1;","var HAS_AFTER_AL = 1 << 2;","var HAS_ERROR_AL = 1 << 3;","","/**"," * There is one list of currently active listeners that is mutated in place by"," * addAsyncListener and removeAsyncListener. This complicates error-handling,"," * for reasons that are discussed below."," */","var listeners = [];","","/**"," * There can be multiple listeners with the same properties, so disambiguate"," * them by assigning them an ID at creation time."," */","var uid = 0;","","/**"," * Ensure that errors coming from within listeners are handed off to domains,"," * process._fatalException, or uncaughtException without being treated like"," * user errors."," */","var inAsyncTick = false;","","/**"," * Because asynchronous contexts can be nested, and errors can come from anywhere"," * in the stack, a little extra work is required to keep track of where in the"," * nesting we are. Because JS arrays are frequently mutated in place"," */","var listenerStack = [];","","/**"," * The error handler on a listener can capture errors thrown during synchronous"," * execution immediately after the listener is added. To capture both"," * synchronous and asynchronous errors, the error handler just uses the"," * \"global\" list of active listeners, and the rest of the code ensures that the"," * listener list is correct by using a stack of listener lists during"," * asynchronous execution."," */","var asyncCatcher;","","/**"," * The guts of the system -- called each time an asynchronous event happens"," * while one or more listeners are active."," */","var asyncWrap;","","/**"," * Simple helper function that's probably faster than using Array"," * filter methods and can be inlined."," */","function union(dest, added) {","  var destLength = dest.length;","  var addedLength = added.length;","  var returned = [];","","  if (destLength === 0 && addedLength === 0) return returned;","","  for (var j  = 0; j < destLength; j++) returned[j] = dest[j];","","  if (addedLength === 0) return returned;","","  for (var i = 0; i < addedLength; i++) {","    var missing = true;","    for (j = 0; j < destLength; j++) {","      if (dest[j].uid === added[i].uid) {","        missing = false;","        break;","      }","    }","    if (missing) returned.push(added[i]);","  }","","  return returned;","}","","/*"," * For performance, split error-handlers and asyncCatcher up into two separate"," * code paths."," */","","// 0.9+","if (process._fatalException) {","  /**","   * Error handlers on listeners can throw, the catcher needs to be able to","   * discriminate between exceptions thrown by user code, and exceptions coming","   * from within the catcher itself. Use a global to keep track of which state","   * the catcher is currently in.","   */","  var inErrorTick = false;","","  /**","   * Throwing always happens synchronously. If the current array of values for","   * the current list of asyncListeners is put in a module-scoped variable right","   * before a call that can throw, it will always be correct when the error","   * handlers are run.","   */","  var errorValues;","","  asyncCatcher = function asyncCatcher(er) {","    var length = listeners.length;","    if (inErrorTick || length === 0) return false;","","    var handled = false;","","    /*","     * error handlers","     */","    inErrorTick = true;","    for (var i = 0; i < length; ++i) {","      var listener = listeners[i];","      if ((listener.flags & HAS_ERROR_AL) === 0) continue;","","      var value = errorValues && errorValues[listener.uid];","      handled = listener.error(value, er) || handled;","    }","    inErrorTick = false;","","    /* Test whether there are any listener arrays on the stack. In the case of","     * synchronous throws when the listener is active, there may have been","     * none pushed yet.","     */","    if (listenerStack.length > 0) listeners = listenerStack.pop();","    errorValues = undefined;","","    return handled && !inAsyncTick;","  };","","  asyncWrap = function asyncWrap(original, list, length) {","    var values = [];","","    /*","     * listeners","     */","    inAsyncTick = true;","    for (var i = 0; i < length; ++i) {","      var listener = list[i];","      values[listener.uid] = listener.data;","","      if ((listener.flags & HAS_CREATE_AL) === 0) continue;","","      var value = listener.create(listener.data);","      if (value !== undefined) values[listener.uid] = value;","    }","    inAsyncTick = false;","","    /* One of the main differences between this polyfill and the core","     * asyncListener support is that core avoids creating closures by putting a","     * lot of the state managemnt on the C++ side of Node (and of course also it","     * bakes support for async listeners into the Node C++ API through the","     * AsyncWrap class, which means that it doesn't monkeypatch basically every","     * async method like this does).","     */","    return function () {","      // put the current values where the catcher can see them","      errorValues = values;","","      /* More than one listener can end up inside these closures, so save the","       * current listeners on a stack.","       */","      listenerStack.push(listeners);","","      /* Activate both the listeners that were active when the closure was","       * created and the listeners that were previously active.","       */","      listeners = union(list, listeners);","","      /*","       * before handlers","       */","      inAsyncTick = true;","      for (var i = 0; i < length; ++i) {","        if ((list[i].flags & HAS_BEFORE_AL) > 0) {","          list[i].before(this, values[list[i].uid]);","        }","      }","      inAsyncTick = false;","","      // save the return value to pass to the after callbacks","      var returned = original.apply(this, arguments);","","      /*","       * after handlers (not run if original throws)","       */","      inAsyncTick = true;","      for (i = 0; i < length; ++i) {","        if ((list[i].flags & HAS_AFTER_AL) > 0) {","          list[i].after(this, values[list[i].uid]);","        }","      }","      inAsyncTick = false;","","      // back to the previous listener list on the stack","      listeners = listenerStack.pop();","      errorValues = undefined;","","      return returned;","    };","  };","","  wrap(process, '_fatalException', function (_fatalException) {","    return function _asyncFatalException(er) {","      return asyncCatcher(er) || _fatalException(er);","    };","  });","}","// 0.8 and below","else {","  /**","   * If an error handler in asyncWrap throws, the process must die. Under 0.8","   * and earlier the only way to put a bullet through the head of the process","   * is to rethrow from inside the exception handler, so rethrow and set","   * errorThrew to tell the uncaughtHandler what to do.","   */","  var errorThrew = false;","","  /**","   * Under Node 0.8, this handler *only* handles synchronously thrown errors.","   * This simplifies it, which almost but not quite makes up for the hit taken","   * by putting everything in a try-catch.","   */","  asyncCatcher = function uncaughtCatcher(er) {","    // going down hard","    if (errorThrew) throw er;","","    var handled = false;","","    /*","     * error handlers","     */","    var length = listeners.length;","    for (var i = 0; i < length; ++i) {","      var listener = listeners[i];","      if ((listener.flags & HAS_ERROR_AL) === 0) continue;","      handled = listener.error(null, er) || handled;","    }","","    /* Rethrow if one of the before / after handlers fire, which will bring the","     * process down immediately.","     */","    if (!handled && inAsyncTick) throw er;","  };","","  asyncWrap = function asyncWrap(original, list, length) {","    var values = [];","","    /*","     * listeners","     */","    inAsyncTick = true;","    for (var i = 0; i < length; ++i) {","      var listener = list[i];","      values[listener.uid] = listener.data;","","      if ((listener.flags & HAS_CREATE_AL) === 0) continue;","","      var value = listener.create(listener.data);","      if (value !== undefined) values[listener.uid] = value;","    }","    inAsyncTick = false;","","    /* One of the main differences between this polyfill and the core","     * asyncListener support is that core avoids creating closures by putting a","     * lot of the state managemnt on the C++ side of Node (and of course also it","     * bakes support for async listeners into the Node C++ API through the","     * AsyncWrap class, which means that it doesn't monkeypatch basically every","     * async method like this does).","     */","    return function () {","      /*jshint maxdepth:4*/","","      // after() handlers don't run if threw","      var threw = false;","","      // ...unless the error is handled","      var handled = false;","","      /* More than one listener can end up inside these closures, so save the","       * current listeners on a stack.","       */","      listenerStack.push(listeners);","","      /* Activate both the listeners that were active when the closure was","       * created and the listeners that were previously active.","       */","      listeners = union(list, listeners);","","      /*","       * before handlers","       */","      inAsyncTick = true;","      for (var i = 0; i < length; ++i) {","        if ((list[i].flags & HAS_BEFORE_AL) > 0) {","          list[i].before(this, values[list[i].uid]);","        }","      }","      inAsyncTick = false;","","      // save the return value to pass to the after callbacks","      var returned;","      try {","        returned = original.apply(this, arguments);","      }","      catch (er) {","        threw = true;","        for (var i = 0; i < length; ++i) {","          if ((listeners[i].flags & HAS_ERROR_AL) == 0) continue;","          try {","            handled = listeners[i].error(values[list[i].uid], er) || handled;","          }","          catch (x) {","            errorThrew = true;","            throw x;","          }","        }","","        if (!handled) {","          // having an uncaughtException handler here alters crash semantics","          process.removeListener('uncaughtException', asyncCatcher);","          process._originalNextTick(function () {","            process.addListener('uncaughtException', asyncCatcher);","          });","","          throw er;","        }","      }","      finally {","        /*","         * after handlers (not run if original throws)","         */","        if (!threw || handled) {","          inAsyncTick = true;","          for (i = 0; i < length; ++i) {","            if ((list[i].flags & HAS_AFTER_AL) > 0) {","              list[i].after(this, values[list[i].uid]);","            }","          }","          inAsyncTick = false;","        }","","        // back to the previous listener list on the stack","        listeners = listenerStack.pop();","      }","","","      return returned;","    };","  };","","  // will be the first to fire if async-listener is the first module loaded","  process.addListener('uncaughtException', asyncCatcher);","}","","// for performance in the case where there are no handlers, just the listener","function simpleWrap(original, list, length) {","  inAsyncTick = true;","  for (var i = 0; i < length; ++i) {","    var listener = list[i];","    if (listener.create) listener.create(listener.data);","  }","  inAsyncTick = false;","","  // still need to make sure nested async calls are made in the context","  // of the listeners active at their creation","  return function () {","    listenerStack.push(listeners);","    listeners = union(list, listeners);","","    var returned = original.apply(this, arguments);","","    listeners = listenerStack.pop();","","    return returned;","  };","}","","/**"," * Called each time an asynchronous function that's been monkeypatched in"," * index.js is called. If there are no listeners, return the function"," * unwrapped.  If there are any asyncListeners and any of them have callbacks,"," * pass them off to asyncWrap for later use, otherwise just call the listener."," */","function wrapCallback(original) {","  var length = listeners.length;","","  // no context to capture, so avoid closure creation","  if (length === 0) return original;","","  // capture the active listeners as of when the wrapped function was called","  var list = listeners.slice();","","  for (var i = 0; i < length; ++i) {","    if (list[i].flags > 0) return asyncWrap(original, list, length);","  }","","  return simpleWrap(original, list, length);","}","","function AsyncListener(callbacks, data) {","  if (typeof callbacks.create === 'function') {","    this.create = callbacks.create;","    this.flags |= HAS_CREATE_AL;","  }","","  if (typeof callbacks.before === 'function') {","    this.before = callbacks.before;","    this.flags |= HAS_BEFORE_AL;","  }","","  if (typeof callbacks.after === 'function') {","    this.after = callbacks.after;","    this.flags |= HAS_AFTER_AL;","  }","","  if (typeof callbacks.error === 'function') {","    this.error = callbacks.error;","    this.flags |= HAS_ERROR_AL;","  }","","  this.uid = ++uid;","  this.data = data === undefined ? null : data;","}","AsyncListener.prototype.create = undefined;","AsyncListener.prototype.before = undefined;","AsyncListener.prototype.after  = undefined;","AsyncListener.prototype.error  = undefined;","AsyncListener.prototype.data   = undefined;","AsyncListener.prototype.uid    = 0;","AsyncListener.prototype.flags  = 0;","","function createAsyncListener(callbacks, data) {","  if (typeof callbacks !== 'object' || !callbacks) {","    throw new TypeError('callbacks argument must be an object');","  }","","  if (callbacks instanceof AsyncListener) {","    return callbacks;","  }","  else {","    return new AsyncListener(callbacks, data);","  }","}","","function addAsyncListener(callbacks, data) {","  var listener;","  if (!(callbacks instanceof AsyncListener)) {","    listener = createAsyncListener(callbacks, data);","  }","  else {","    listener = callbacks;","  }","","  // Make sure the listener isn't already in the list.","  var registered = false;","  for (var i = 0; i < listeners.length; i++) {","    if (listener === listeners[i]) {","      registered = true;","      break;","    }","  }","","  if (!registered) listeners.push(listener);","","  return listener;","}","","function removeAsyncListener(listener) {","  for (var i = 0; i < listeners.length; i++) {","    if (listener === listeners[i]) {","      listeners.splice(i, 1);","      break;","    }","  }","}","","process.createAsyncListener = createAsyncListener;","process.addAsyncListener    = addAsyncListener;","process.removeAsyncListener = removeAsyncListener;","","module.exports = wrapCallback;",""],"l":{"1":1,"8":1,"9":1,"10":1,"11":1,"18":1,"24":1,"31":1,"38":1,"48":1,"54":1,"60":1,"61":0,"62":0,"63":0,"65":0,"67":0,"69":0,"71":0,"72":0,"73":0,"74":0,"75":0,"76":0,"79":0,"82":0,"91":1,"98":1,"106":1,"108":1,"109":0,"110":0,"112":0,"117":0,"118":0,"119":0,"120":0,"122":0,"123":0,"125":0,"131":0,"132":0,"134":0,"137":1,"138":0,"143":0,"144":0,"145":0,"146":0,"148":0,"150":0,"151":0,"153":0,"162":0,"164":0,"169":0,"174":0,"179":0,"180":0,"181":0,"182":0,"185":0,"188":0,"193":0,"194":0,"195":0,"196":0,"199":0,"202":0,"203":0,"205":0,"209":1,"210":1,"211":0,"223":0,"230":0,"232":0,"234":0,"239":0,"240":0,"241":0,"242":0,"243":0,"249":0,"252":0,"253":0,"258":0,"259":0,"260":0,"261":0,"263":0,"265":0,"266":0,"268":0,"277":0,"281":0,"284":0,"289":0,"294":0,"299":0,"300":0,"301":0,"302":0,"305":0,"308":0,"309":0,"310":0,"313":0,"314":0,"315":0,"316":0,"317":0,"320":0,"321":0,"325":0,"327":0,"328":0,"329":0,"332":0,"339":0,"340":0,"341":0,"342":0,"343":0,"346":0,"350":0,"354":0,"359":0,"363":1,"364":0,"365":0,"366":0,"367":0,"369":0,"373":0,"374":0,"375":0,"377":0,"379":0,"381":0,"391":1,"392":10,"395":10,"398":0,"400":0,"401":0,"404":0,"407":1,"408":1,"409":1,"410":1,"413":1,"414":0,"415":0,"418":1,"419":0,"420":0,"423":1,"424":0,"425":0,"428":1,"429":1,"431":1,"432":1,"433":1,"434":1,"435":1,"436":1,"437":1,"439":1,"440":1,"441":0,"444":1,"445":0,"448":1,"452":1,"453":1,"454":1,"455":1,"458":0,"462":1,"463":1,"464":0,"465":0,"466":0,"470":1,"472":1,"475":1,"476":1,"477":1,"478":1,"479":1,"484":1,"485":1,"486":1,"488":1}}}